Arguments: 
  /home/generel/.nvm/versions/node/v16.19.0/bin/node /home/generel/.nvm/versions/node/v16.19.0/bin/yarn add minecraft-pathfinder

PATH: 
  /home/generel/.nvm/versions/node/v16.19.0/bin:/home/generel/.local/bin:/usr/local/sbin:/usr/local/bin:/usr/bin:/usr/lib/jvm/default/bin:/usr/bin/site_perl:/usr/bin/vendor_perl:/usr/bin/core_perl:/var/lib/snapd/snap/bin

Yarn version: 
  1.22.19

Node version: 
  16.19.0

Platform: 
  linux x64

Trace: 
  Error: https://registry.yarnpkg.com/minecraft-pathfinder: Not found
      at Request.params.callback [as _callback] (/home/generel/.nvm/versions/node/v16.19.0/lib/node_modules/yarn/lib/cli.js:66145:18)
      at Request.self.callback (/home/generel/.nvm/versions/node/v16.19.0/lib/node_modules/yarn/lib/cli.js:140890:22)
      at Request.emit (node:events:513:28)
      at Request.<anonymous> (/home/generel/.nvm/versions/node/v16.19.0/lib/node_modules/yarn/lib/cli.js:141862:10)
      at Request.emit (node:events:513:28)
      at IncomingMessage.<anonymous> (/home/generel/.nvm/versions/node/v16.19.0/lib/node_modules/yarn/lib/cli.js:141784:12)
      at Object.onceWrapper (node:events:627:28)
      at IncomingMessage.emit (node:events:525:35)
      at endReadableNT (node:internal/streams/readable:1358:12)
      at processTicksAndRejections (node:internal/process/task_queues:83:21)

npm manifest: 
  {
    "name": "2b2w-ts-rewrite",
    "version": "1.0.0",
    "description": "2b2t queue skipper",
    "repository": "https://github.com/GenerelSchwerz/2b2w-ts-rewrite.git",
    "author": "GenerelSchwerz <xXSG.KingXx@gmail.com>",
    "license": "MIT",
    "main": "lib/index.js",
    "bin": "lib/index.js",
    "scripts": {
      "build": "npx tsc",
      "fix": "npx prettier . -w",
      "test": "ts-node --esm -T ./src/index.ts",
      "start": "node ./lib/index.js",
      "package": "yarn build; pkg package.json; mv ./pkg/2b2w-ts-rewrite-linux ../../rust/server_auth_backend/static/2b2w-ts-rewrite-linux-x64; mv ./pkg/2b2w-ts-rewrite-win.exe ../../rust/server_auth_backend/static/2b2w-ts-rewrite-win64-x64.exe",
      "nccbuild": "ncc build src/index.ts -o ncc --target es2022 -e 'ts-luxon' -e 'node-fetch' -e 'everpolate' -e 'eventemitter2' -e 'strict-event-emitter-types' -e 'mineflayer' -e 'prismarine-auth' -e 'minecraft-data' -e 'minecraft-folder-path' -e '@discordx/importer' -e '@nxg-org/mineflayer-antiafk' -e '@nxg-org/mineflayer-auto-eat' -e '@rob9315/mcproxy' -e 'discord.js' -e 'discordx' -e 'joi' -e 'ts-deepmerge' -e 'eslint' -e 'protodef' -e 'prismarine-nbt' -e 'minecraft-protocol' -d",
      "nccpackage": "yarn nccbuild && javascript-obfuscator ./ncc/index.js -o ./ncc/obfu.js --self-defending true --options-preset 'medium-obfuscation' && bytenode -c ./ncc/obfu.js && cp ./ncc/obfu.jsc ../../rust/server_auth_backend/static/2b2w/2b2w-raw-encoded.jsc"
    },
    "pkg": {
      "targets": [
        "node16-linux-x64",
        "node16-macos-x64",
        "node16-windows-x64"
      ],
      "outputPath": "pkg",
      "options": [
        "--experimental-modules",
        "--debug"
      ]
    },
    "devDependencies": {
      "typescript": "^4.9.4"
    },
    "dependencies": {
      "@discordx/importer": "^1.1.10",
      "@nxg-org/mineflayer-antiafk": "^1.2.4",
      "@nxg-org/mineflayer-auto-eat": "^2.0.1",
      "@rob9315/mcproxy": "IceTank/mcproxy-1.git#position-spoofing",
      "discord.js": "^14.7.1",
      "discordx": "^11.5.2",
      "eventemitter2": "^6.4.9",
      "everpolate": "^0.0.3",
      "joi": "^17.7.0",
      "strict-event-emitter": "^0.4.3",
      "strict-event-emitter-types": "^2.0.0",
      "ts-deepmerge": "^5.0.0",
      "ts-luxon": "^4.0.1"
    },
    "resolutions": {
      "mineflayer/prismarine-world": "IceTank/prismarine-world.git#storage-provider-save-fix"
    }
  }

yarn manifest: 
  No manifest

Lockfile: 
  # THIS IS AN AUTOGENERATED FILE. DO NOT EDIT THIS FILE DIRECTLY.
  # yarn lockfile v1
  
  
  "@azure/msal-common@^9.0.1":
    version "9.0.1"
    resolved "https://registry.npmjs.org/@azure/msal-common/-/msal-common-9.0.1.tgz"
    integrity sha512-eNNHIW/cwPTZDWs9KtYgb1X6gtQ+cC+FGX2YN+t4AUVsBdUbqlMTnUs6/c/VBxC2AAGIhgLREuNnO3F66AN2zQ==
  
  "@azure/msal-node@^1.1.0":
    version "1.14.5"
    resolved "https://registry.npmjs.org/@azure/msal-node/-/msal-node-1.14.5.tgz"
    integrity sha512-NcVdMfn8Z3ogN+9RjOSF7uwf2Gki5DEJl0BdDSL83KUAgVAobtkZi5W8EqxbJLrTO/ET0jv5DregrcR5qg2pEA==
    dependencies:
      "@azure/msal-common" "^9.0.1"
      jsonwebtoken "^8.5.1"
      uuid "^8.3.0"
  
  "@discordjs/builders@^1.4.0":
    version "1.4.0"
    resolved "https://registry.npmjs.org/@discordjs/builders/-/builders-1.4.0.tgz"
    integrity sha512-nEeTCheTTDw5kO93faM1j8ZJPonAX86qpq/QVoznnSa8WWcCgJpjlu6GylfINTDW6o7zZY0my2SYdxx2mfNwGA==
    dependencies:
      "@discordjs/util" "^0.1.0"
      "@sapphire/shapeshift" "^3.7.1"
      discord-api-types "^0.37.20"
      fast-deep-equal "^3.1.3"
      ts-mixer "^6.0.2"
      tslib "^2.4.1"
  
  "@discordjs/collection@^1.3.0":
    version "1.3.0"
    resolved "https://registry.npmjs.org/@discordjs/collection/-/collection-1.3.0.tgz"
    integrity sha512-ylt2NyZ77bJbRij4h9u/wVy7qYw/aDqQLWnadjvDqW/WoWCxrsX6M3CIw9GVP5xcGCDxsrKj5e0r5evuFYwrKg==
  
  "@discordjs/rest@^1.4.0":
    version "1.5.0"
    resolved "https://registry.npmjs.org/@discordjs/rest/-/rest-1.5.0.tgz"
    integrity sha512-lXgNFqHnbmzp5u81W0+frdXN6Etf4EUi8FAPcWpSykKd8hmlWh1xy6BmE0bsJypU1pxohaA8lQCgp70NUI3uzA==
    dependencies:
      "@discordjs/collection" "^1.3.0"
      "@discordjs/util" "^0.1.0"
      "@sapphire/async-queue" "^1.5.0"
      "@sapphire/snowflake" "^3.2.2"
      discord-api-types "^0.37.23"
      file-type "^18.0.0"
      tslib "^2.4.1"
      undici "^5.13.0"
  
  "@discordjs/util@^0.1.0":
    version "0.1.0"
    resolved "https://registry.npmjs.org/@discordjs/util/-/util-0.1.0.tgz"
    integrity sha512-e7d+PaTLVQav6rOc2tojh2y6FE8S7REkqLldq1XF4soCx74XB/DIjbVbVLtBemf0nLW77ntz0v+o5DytKwFNLQ==
  
  "@discordx/di@^3.0.2":
    version "3.0.2"
    resolved "https://registry.npmjs.org/@discordx/di/-/di-3.0.2.tgz"
    integrity sha512-mHvM+dscoyo5/yvQb/QHSPLdhfphNhYHKRuo1P9fphTpF150t/39kDJrEzqbTfoXBtoY/DtVD/Voni8mNgmiyw==
    dependencies:
      tsyringe "^4.7.0"
      typedi "^0.10.0"
  
  "@discordx/importer@^1.1.10":
    version "1.1.10"
    resolved "https://registry.npmjs.org/@discordx/importer/-/importer-1.1.10.tgz"
    integrity sha512-cR8qwQZV7S6CoV+Fw+pcyWAfChyUQZySLe+ByTDLE4gdz4jVL7qqdlWt7G1KrZWSToapJuq2k4M7g3jdVJo6nQ==
    dependencies:
      glob "^8.0.3"
      tslib "^2.4.0"
  
  "@discordx/internal@^1.0.2":
    version "1.0.2"
    resolved "https://registry.npmjs.org/@discordx/internal/-/internal-1.0.2.tgz"
    integrity sha512-+vv5QS133O3TDDBvPp+ugQy5ExCFjVTxVn5AwQRgwpKNyXSplarNXA4TzACuiYBnXb6ecwtjfbDLcy/xMjYIoQ==
    dependencies:
      tslib "^2.3.1"
  
  "@hapi/hoek@^9.0.0":
    version "9.3.0"
    resolved "https://registry.npmjs.org/@hapi/hoek/-/hoek-9.3.0.tgz"
    integrity sha512-/c6rf4UJlmHlC9b5BaNvzAcFv7HZ2QHaV0D4/HNlBdvFnvQq8RI4kYdhyPCl7Xj+oWvTWQ8ujhqS53LIgAe6KQ==
  
  "@hapi/topo@^5.0.0":
    version "5.1.0"
    resolved "https://registry.npmjs.org/@hapi/topo/-/topo-5.1.0.tgz"
    integrity sha512-foQZKJig7Ob0BMAYBfcJk8d77QtOe7Wo4ox7ff1lQYoNNAb6jwcY1ncdoy2e9wQZzvNy7ODZCYJkK8kzmcAnAg==
    dependencies:
      "@hapi/hoek" "^9.0.0"
  
  "@nxg-org/mineflayer-antiafk@^1.2.4":
    version "1.2.4"
    resolved "https://registry.yarnpkg.com/@nxg-org/mineflayer-antiafk/-/mineflayer-antiafk-1.2.4.tgz#b52ded3cd07c865f4117f69b0ac5ff93a1a283e9"
    integrity sha512-7LHTPQ2Z9LXrG+iXSTouR6BN8EH03twotwCFqGw3YlcVrhcOwOcMjBT9LpMdQUkggBburVYstC6C3aQGp96GmA==
    dependencies:
      "@nxg-org/mineflayer-util-plugin" "^1.5.2"
      events "^3.3.0"
      strict-event-emitter-types "^2.0.0"
  
  "@nxg-org/mineflayer-auto-eat@^2.0.1":
    version "2.0.1"
    resolved "https://registry.npmjs.org/@nxg-org/mineflayer-auto-eat/-/mineflayer-auto-eat-2.0.1.tgz"
    integrity sha512-2Cyv6cma5qocshplVvY7z3rZC8NFegIFWbffCzj+DZe6AJjc7RDNiOnq6b+gmz0ERlnd5A4w5i/QFv8inO4EnQ==
    dependencies:
      "@nxg-org/mineflayer-util-plugin" "^1.5.2"
  
  "@nxg-org/mineflayer-util-plugin@^1.5.2":
    version "1.5.2"
    resolved "https://registry.npmjs.org/@nxg-org/mineflayer-util-plugin/-/mineflayer-util-plugin-1.5.2.tgz"
    integrity sha512-zd2QS9cRL+C/UN0IGbhnFewcr+pdFR0sva0Zzld0pnnOu3LXHQNQ01Jhnubo5BmpS7vUewwKw86bfDPy/D00eA==
    dependencies:
      mineflayer-pathfinder "^2.3.3"
      vec3 "^0.1.7"
  
  "@rob9315/mcproxy@IceTank/mcproxy-1.git#position-spoofing":
    version "1.0.0"
    resolved "https://codeload.github.com/IceTank/mcproxy-1/tar.gz/55a87e0878afe8a6ed94711f30cd9ea464539fbd"
    dependencies:
      minecraft-data "^3.0.0"
      minecraft-protocol "^1.32.0"
      mineflayer "^4.1.0"
      prismarine-item "^1.11.5"
      smart-buffer "^4.2.0"
  
  "@sapphire/async-queue@^1.5.0":
    version "1.5.0"
    resolved "https://registry.npmjs.org/@sapphire/async-queue/-/async-queue-1.5.0.tgz"
    integrity sha512-JkLdIsP8fPAdh9ZZjrbHWR/+mZj0wvKS5ICibcLrRI1j84UmLMshx5n9QmL8b95d4onJ2xxiyugTgSAX7AalmA==
  
  "@sapphire/shapeshift@^3.7.1":
    version "3.8.1"
    resolved "https://registry.npmjs.org/@sapphire/shapeshift/-/shapeshift-3.8.1.tgz"
    integrity sha512-xG1oXXBhCjPKbxrRTlox9ddaZTvVpOhYLmKmApD/vIWOV1xEYXnpoFs68zHIZBGbqztq6FrUPNPerIrO1Hqeaw==
    dependencies:
      fast-deep-equal "^3.1.3"
      lodash "^4.17.21"
  
  "@sapphire/snowflake@^3.2.2":
    version "3.4.0"
    resolved "https://registry.npmjs.org/@sapphire/snowflake/-/snowflake-3.4.0.tgz"
    integrity sha512-zZxymtVO6zeXVMPds+6d7gv/OfnCc25M1Z+7ZLB0oPmeMTPeRWVPQSS16oDJy5ZsyCOLj7M6mbZml5gWXcVRNw==
  
  "@sideway/address@^4.1.3":
    version "4.1.4"
    resolved "https://registry.npmjs.org/@sideway/address/-/address-4.1.4.tgz"
    integrity sha512-7vwq+rOHVWjyXxVlR76Agnvhy8I9rpzjosTESvmhNeXOXdZZB15Fl+TI9x1SiHZH5Jv2wTGduSxFDIaq0m3DUw==
    dependencies:
      "@hapi/hoek" "^9.0.0"
  
  "@sideway/formula@^3.0.0":
    version "3.0.1"
    resolved "https://registry.npmjs.org/@sideway/formula/-/formula-3.0.1.tgz"
    integrity sha512-/poHZJJVjx3L+zVD6g9KgHfYnb443oi7wLu/XKojDviHy6HOEOA6z1Trk5aR1dGcmPenJEgb2sK2I80LeS3MIg==
  
  "@sideway/pinpoint@^2.0.0":
    version "2.0.0"
    resolved "https://registry.npmjs.org/@sideway/pinpoint/-/pinpoint-2.0.0.tgz"
    integrity sha512-RNiOoTPkptFtSVzQevY/yWtZwf/RxyVnPy/OcA9HBM3MlGDnBEYL5B41H0MTn0Uec8Hi+2qUtTfG2WWZBmMejQ==
  
  "@tokenizer/token@^0.3.0":
    version "0.3.0"
    resolved "https://registry.npmjs.org/@tokenizer/token/-/token-0.3.0.tgz"
    integrity sha512-OvjF+z51L3ov0OyAU0duzsYuvO01PH7x4t6DJx+guahgTnBHkhJdG7soQeTSFLWN3efnHyibZ4Z8l2EuWwJN3A==
  
  "@types/node@*":
    version "18.11.18"
    resolved "https://registry.npmjs.org/@types/node/-/node-18.11.18.tgz"
    integrity sha512-DHQpWGjyQKSHj3ebjFI/wRKcqQcdR+MoFBygntYOZytCqNfkd2ZC4ARDJ2DQqhjH5p85Nnd3jhUJIXrszFX/JA==
  
  "@types/readable-stream@^2.3.13":
    version "2.3.15"
    resolved "https://registry.npmjs.org/@types/readable-stream/-/readable-stream-2.3.15.tgz"
    integrity sha512-oM5JSKQCcICF1wvGgmecmHldZ48OZamtMxcGGVICOJA8o8cahXC1zEVAif8iwoc5j8etxFaRFnf095+CDsuoFQ==
    dependencies:
      "@types/node" "*"
      safe-buffer "~5.1.1"
  
  "@types/ws@^8.5.3":
    version "8.5.4"
    resolved "https://registry.npmjs.org/@types/ws/-/ws-8.5.4.tgz"
    integrity sha512-zdQDHKUgcX/zBc4GrwsE/7dVdAD8JR4EuiAXiiUhhfyIJXXb2+PrGshFyeXWQPMmmZ2XxgaqclgpIC7eTXc1mg==
    dependencies:
      "@types/node" "*"
  
  "@xboxreplay/errors@^0.1.0":
    version "0.1.0"
    resolved "https://registry.npmjs.org/@xboxreplay/errors/-/errors-0.1.0.tgz"
    integrity sha512-Tgz1d/OIPDWPeyOvuL5+aai5VCcqObhPnlI3skQuf80GVF3k1I0lPCnGC+8Cm5PV9aLBT5m8qPcJoIUQ2U4y9g==
  
  "@xboxreplay/xboxlive-auth@^3.3.3":
    version "3.3.3"
    resolved "https://registry.npmjs.org/@xboxreplay/xboxlive-auth/-/xboxlive-auth-3.3.3.tgz"
    integrity sha512-j0AU8pW10LM8O68CTZ5QHnvOjSsnPICy0oQcP7zyM7eWkDQ/InkiQiirQKsPn1XRYDl4ccNu0WM582s3UKwcBg==
    dependencies:
      "@xboxreplay/errors" "^0.1.0"
      axios "^0.21.1"
  
  abort-controller@^3.0.0:
    version "3.0.0"
    resolved "https://registry.npmjs.org/abort-controller/-/abort-controller-3.0.0.tgz"
    integrity sha512-h8lQ8tacZYnR3vNQTgibj+tODHI5/+l06Au2Pcriv/Gmet0eaj4TwWH41sO9wnHDiQsEj19q0drzdWdeAHtweg==
    dependencies:
      event-target-shim "^5.0.0"
  
  aes-js@^3.1.2:
    version "3.1.2"
    resolved "https://registry.npmjs.org/aes-js/-/aes-js-3.1.2.tgz"
    integrity sha512-e5pEa2kBnBOgR4Y/p20pskXI74UEz7de8ZGVo58asOtvSVG5YAbJeELPZxOmt+Bnz3rX753YKhfIn4X4l1PPRQ==
  
  ajv@^6.5.4:
    version "6.12.6"
    resolved "https://registry.npmjs.org/ajv/-/ajv-6.12.6.tgz"
    integrity sha512-j3fVLgvTo527anyYyJOGTYJbG+vnnQYvE0m5mmkc1TK+nxAppkCLMIL0aZ4dblVCNoGShhm+kzE4ZUykBoMg4g==
    dependencies:
      fast-deep-equal "^3.1.1"
      fast-json-stable-stringify "^2.0.0"
      json-schema-traverse "^0.4.1"
      uri-js "^4.2.2"
  
  asn1@0.2.3:
    version "0.2.3"
    resolved "https://registry.npmjs.org/asn1/-/asn1-0.2.3.tgz"
    integrity sha512-6i37w/+EhlWlGUJff3T/Q8u1RGmP5wgbiwYnOnbOqvtrPxT63/sYFyP9RcpxtxGymtfA075IvmOnL7ycNOWl3w==
  
  axios@^0.21.1:
    version "0.21.4"
    resolved "https://registry.npmjs.org/axios/-/axios-0.21.4.tgz"
    integrity sha512-ut5vewkiu8jjGBdqpM44XxjuCjq9LAKeHVmoVfHVzy8eHgxxq8SbAVQNovDA8mVi05kP0Ea/n/UzcSHcTJQfNg==
    dependencies:
      follow-redirects "^1.14.0"
  
  balanced-match@^1.0.0:
    version "1.0.2"
    resolved "https://registry.npmjs.org/balanced-match/-/balanced-match-1.0.2.tgz"
    integrity sha512-3oSeUO0TMV67hN1AmbXsK4yaqU7tjiHlbxRDZOpH0KW9+CeX4bRAaX0Anxt0tx2MrpRpWwQaPwIlISEJhYU5Pw==
  
  base64-js@^1.3.1:
    version "1.5.1"
    resolved "https://registry.npmjs.org/base64-js/-/base64-js-1.5.1.tgz"
    integrity sha512-AKpaYlHn8t4SVbOHCy+b5+KKgvR4vrsD8vbvrbiQJps7fKDTkjkDry6ji0rUJjC0kzbNePLwzxq8iypo41qeWA==
  
  brace-expansion@^2.0.1:
    version "2.0.1"
    resolved "https://registry.npmjs.org/brace-expansion/-/brace-expansion-2.0.1.tgz"
    integrity sha512-XnAIvQ8eM+kC6aULx6wuQiwVsnzsi9d3WxzV3FpWTGA19F621kwdbsAcFKXgKUHZWsy+mY6iL1sHTxWEFCytDA==
    dependencies:
      balanced-match "^1.0.0"
  
  buffer-equal-constant-time@1.0.1:
    version "1.0.1"
    resolved "https://registry.npmjs.org/buffer-equal-constant-time/-/buffer-equal-constant-time-1.0.1.tgz"
    integrity sha512-zRpUiDwd/xk6ADqPMATG8vc9VPrkck7T07OIx0gnjmJAnHnTVXNQG3vfvWNuiZIkwu9KrKdA1iJKfsfTVxE6NA==
  
  buffer-equal@^1.0.0:
    version "1.0.1"
    resolved "https://registry.npmjs.org/buffer-equal/-/buffer-equal-1.0.1.tgz"
    integrity sha512-QoV3ptgEaQpvVwbXdSO39iqPQTCxSF7A5U99AxbHYqUdCizL/lH2Z0A2y6nbZucxMEOtNyZfG2s6gsVugGpKkg==
  
  buffer@^6.0.3:
    version "6.0.3"
    resolved "https://registry.npmjs.org/buffer/-/buffer-6.0.3.tgz"
    integrity sha512-FTiCpNxtwiZZHEZbcbTIcZjERVICn9yq/pDFkTl95/AxzD1naBctN7YO68riM/gLSDY7sdrMby8hofADYuuqOA==
    dependencies:
      base64-js "^1.3.1"
      ieee754 "^1.2.1"
  
  busboy@^1.6.0:
    version "1.6.0"
    resolved "https://registry.npmjs.org/busboy/-/busboy-1.6.0.tgz"
    integrity sha512-8SFQbg/0hQ9xy3UNTB0YEnsNBbWfhf7RtnzpL7TkBiTBRfrQ9Fxcnz7VJsleJpyp6rVLvXiuORqjlHi5q+PYuA==
    dependencies:
      streamsearch "^1.1.0"
  
  commander@^2.19.0:
    version "2.20.3"
    resolved "https://registry.npmjs.org/commander/-/commander-2.20.3.tgz"
    integrity sha512-GpVkmM8vF2vQUkj2LvZmD35JxeJOLCwJ9cUkugyk2nuhbv3+mJvpLYYt+0+USMxE+oj+ey/lJEnhZw75x/OMcQ==
  
  debug@^4.3.2, debug@^4.3.3:
    version "4.3.4"
    resolved "https://registry.npmjs.org/debug/-/debug-4.3.4.tgz"
    integrity sha512-PRWFHuSU3eDtQJPvnNY7Jcket1j0t5OuOsFzPPzsekD52Zl8qUfFIPEiswXqIvHWGVHOgX+7G/vCNNhehwxfkQ==
    dependencies:
      ms "2.1.2"
  
  discontinuous-range@1.0.0:
    version "1.0.0"
    resolved "https://registry.npmjs.org/discontinuous-range/-/discontinuous-range-1.0.0.tgz"
    integrity sha512-c68LpLbO+7kP/b1Hr1qs8/BJ09F5khZGTxqxZuhzxpmwJKOgRFHJWIb9/KmqnqHhLdO55aOxFH/EGBvUQbL/RQ==
  
  discord-api-types@^0.37.20, discord-api-types@^0.37.23:
    version "0.37.26"
    resolved "https://registry.npmjs.org/discord-api-types/-/discord-api-types-0.37.26.tgz"
    integrity sha512-xZT6qosExE1ziBgD8vYU2R2aQQKOrSYWI6AFq5CiYhQtwR+Nkt9gPA3v9kHj2RFnsWDI2AbtESiQ4Rrhsa06+Q==
  
  discord.js@^14.7.1:
    version "14.7.1"
    resolved "https://registry.npmjs.org/discord.js/-/discord.js-14.7.1.tgz"
    integrity sha512-1FECvqJJjjeYcjSm0IGMnPxLqja/pmG1B0W2l3lUY2Gi4KXiyTeQmU1IxWcbXHn2k+ytP587mMWqva2IA87EbA==
    dependencies:
      "@discordjs/builders" "^1.4.0"
      "@discordjs/collection" "^1.3.0"
      "@discordjs/rest" "^1.4.0"
      "@discordjs/util" "^0.1.0"
      "@sapphire/snowflake" "^3.2.2"
      "@types/ws" "^8.5.3"
      discord-api-types "^0.37.20"
      fast-deep-equal "^3.1.3"
      lodash.snakecase "^4.1.1"
      tslib "^2.4.1"
      undici "^5.13.0"
      ws "^8.11.0"
  
  discordx@^11.5.2:
    version "11.5.2"
    resolved "https://registry.npmjs.org/discordx/-/discordx-11.5.2.tgz"
    integrity sha512-A+9eco59BZ84/bgKzNH0bvW8vqzzbYXIP/JT+HT6HVPanS68C7hJ6BSmcBr8W7x5iBYMoXU+A2GSaGGk1XiCXA==
    dependencies:
      "@discordx/di" "^3.0.2"
      "@discordx/internal" "^1.0.2"
      lodash "^4.17.21"
      tslib "^2.4.1"
  
  ecdsa-sig-formatter@1.0.11:
    version "1.0.11"
    resolved "https://registry.npmjs.org/ecdsa-sig-formatter/-/ecdsa-sig-formatter-1.0.11.tgz"
    integrity sha512-nagl3RYrbNv6kQkeJIpt6NJZy8twLB/2vtz6yN9Z4vRKHN4/QZJIEbqohALSgwKdnksuY3k5Addp5lg8sVoVcQ==
    dependencies:
      safe-buffer "^5.0.1"
  
  endian-toggle@^0.0.0:
    version "0.0.0"
    resolved "https://registry.npmjs.org/endian-toggle/-/endian-toggle-0.0.0.tgz"
    integrity sha512-ShfqhXeHRE4TmggSlHXG8CMGIcsOsqDw/GcoPcosToE59Rm9e4aXaMhEQf2kPBsBRrKem1bbOAv5gOKnkliMFQ==
  
  event-target-shim@^5.0.0:
    version "5.0.1"
    resolved "https://registry.npmjs.org/event-target-shim/-/event-target-shim-5.0.1.tgz"
    integrity sha512-i/2XbnSz/uxRCU6+NdVJgKWDTM427+MqYbkQzD321DuCQJUqOuJKIA0IM2+W2xtYHdKOmZ4dR6fExsd4SXL+WQ==
  
  eventemitter2@^6.4.9:
    version "6.4.9"
    resolved "https://registry.npmjs.org/eventemitter2/-/eventemitter2-6.4.9.tgz"
    integrity sha512-JEPTiaOt9f04oa6NOkc4aH+nVp5I3wEjpHbIPqfgCdD5v5bUzy7xQqwcVO2aDQgOWhI28da57HksMrzK9HlRxg==
  
  events@^3.3.0:
    version "3.3.0"
    resolved "https://registry.npmjs.org/events/-/events-3.3.0.tgz"
    integrity sha512-mQw+2fkQbALzQ7V0MY0IqdnXNOeTtP4r0lN9z7AAawCXgqea7bDii20AYrIBrFd/Hx0M2Ocz6S111CaFkUcb0Q==
  
  everpolate@^0.0.3:
    version "0.0.3"
    resolved "https://registry.npmjs.org/everpolate/-/everpolate-0.0.3.tgz"
    integrity sha512-pz9Y4PD7tQgqgzfvZWSxjX7SIfvu7+44FM15vCGp7iQoomXVfO1lWU4uNvqb9uOcILtrPxyZmKCAM+U+uHdlsg==
  
  fast-deep-equal@^3.1.1, fast-deep-equal@^3.1.3:
    version "3.1.3"
    resolved "https://registry.npmjs.org/fast-deep-equal/-/fast-deep-equal-3.1.3.tgz"
    integrity sha512-f3qQ9oQy9j2AhBe/H9VC91wLmKBCCU/gDOnKNAYG5hswO7BLKj09Hc5HYNz9cGI++xlpDCIgDaitVs03ATR84Q==
  
  fast-json-stable-stringify@^2.0.0:
    version "2.1.0"
    resolved "https://registry.npmjs.org/fast-json-stable-stringify/-/fast-json-stable-stringify-2.1.0.tgz"
    integrity sha512-lhd/wF+Lk98HZoTCtlVraHtfh5XYijIjalXck7saUtuanSDyLMxnHhSXEDJqHxD7msR8D0uCmqlkwjCV8xvwHw==
  
  file-type@^18.0.0:
    version "18.0.0"
    resolved "https://registry.npmjs.org/file-type/-/file-type-18.0.0.tgz"
    integrity sha512-jjMwFpnW8PKofLE/4ohlhqwDk5k0NC6iy0UHAJFKoY1fQeGMN0GDdLgHQrvCbSpMwbqzoCZhRI5dETCZna5qVA==
    dependencies:
      readable-web-to-node-stream "^3.0.2"
      strtok3 "^7.0.0"
      token-types "^5.0.1"
  
  follow-redirects@^1.14.0:
    version "1.15.2"
    resolved "https://registry.npmjs.org/follow-redirects/-/follow-redirects-1.15.2.tgz"
    integrity sha512-VQLG33o04KaQ8uYi2tVNbdrWp1QWxNNea+nmIB4EVM28v0hmP17z7aG1+wAkNzVq4KeXTq3221ye5qTJP91JwA==
  
  fs.realpath@^1.0.0:
    version "1.0.0"
    resolved "https://registry.npmjs.org/fs.realpath/-/fs.realpath-1.0.0.tgz"
    integrity sha512-OO0pH2lK6a0hZnAdau5ItzHPI6pUlvI7jMVnxUQRtw4owF2wk8lOSabtGDCTP4Ggrg2MbGnWO9X8K1t4+fGMDw==
  
  glob@^8.0.3:
    version "8.0.3"
    resolved "https://registry.npmjs.org/glob/-/glob-8.0.3.tgz"
    integrity sha512-ull455NHSHI/Y1FqGaaYFaLGkNMMJbavMrEGFXG/PGrg6y7sutWHUHrz6gy6WEBH6akM1M414dWKCNs+IhKdiQ==
    dependencies:
      fs.realpath "^1.0.0"
      inflight "^1.0.4"
      inherits "2"
      minimatch "^5.0.1"
      once "^1.3.0"
  
  ieee754@^1.2.1:
    version "1.2.1"
    resolved "https://registry.npmjs.org/ieee754/-/ieee754-1.2.1.tgz"
    integrity sha512-dcyqhDvX1C46lXZcVqCpK+FtMRQVdIMN6/Df5js2zouUsqG7I6sFxitIC+7KYK29KdXOLHdu9zL4sFnoVQnqaA==
  
  inflight@^1.0.4:
    version "1.0.6"
    resolved "https://registry.npmjs.org/inflight/-/inflight-1.0.6.tgz"
    integrity sha512-k92I/b08q4wvFscXCLvqfsHCrjrF7yiXsQuIVvVE7N82W3+aqpzuUdBbfhWcy/FZR3/4IgflMgKLOsvPDrGCJA==
    dependencies:
      once "^1.3.0"
      wrappy "1"
  
  inherits@2, inherits@^2.0.3:
    version "2.0.4"
    resolved "https://registry.npmjs.org/inherits/-/inherits-2.0.4.tgz"
    integrity sha512-k/vGaX4/Yla3WzyMCvTQOXYeIHvqOKtnqBduzTHpzpQZzAskKMhZ2K+EnBiSM9zGSoIFeMpXKxa4dYeZIQqewQ==
  
  joi@^17.7.0:
    version "17.7.0"
    resolved "https://registry.npmjs.org/joi/-/joi-17.7.0.tgz"
    integrity sha512-1/ugc8djfn93rTE3WRKdCzGGt/EtiYKxITMO4Wiv6q5JL1gl9ePt4kBsl1S499nbosspfctIQTpYIhSmHA3WAg==
    dependencies:
      "@hapi/hoek" "^9.0.0"
      "@hapi/topo" "^5.0.0"
      "@sideway/address" "^4.1.3"
      "@sideway/formula" "^3.0.0"
      "@sideway/pinpoint" "^2.0.0"
  
  jose@^4.1.4:
    version "4.11.2"
    resolved "https://registry.npmjs.org/jose/-/jose-4.11.2.tgz"
    integrity sha512-njj0VL2TsIxCtgzhO+9RRobBvws4oYyCM8TpvoUQwl/MbIM3NFJRR9+e6x0sS5xXaP1t6OCBkaBME98OV9zU5A==
  
  json-schema-traverse@^0.4.1:
    version "0.4.1"
    resolved "https://registry.npmjs.org/json-schema-traverse/-/json-schema-traverse-0.4.1.tgz"
    integrity sha512-xbbCH5dCYU5T8LcEhhuh7HJ88HXuW3qsI3Y0zOZFKfZEHcpWiHU/Jxzk629Brsab/mMiHQti9wMP+845RPe3Vg==
  
  jsonwebtoken@^8.5.1:
    version "8.5.1"
    resolved "https://registry.npmjs.org/jsonwebtoken/-/jsonwebtoken-8.5.1.tgz"
    integrity sha512-XjwVfRS6jTMsqYs0EsuJ4LGxXV14zQybNd4L2r0UvbVnSF9Af8x7p5MzbJ90Ioz/9TI41/hTCvznF/loiSzn8w==
    dependencies:
      jws "^3.2.2"
      lodash.includes "^4.3.0"
      lodash.isboolean "^3.0.3"
      lodash.isinteger "^4.0.4"
      lodash.isnumber "^3.0.3"
      lodash.isplainobject "^4.0.6"
      lodash.isstring "^4.0.1"
      lodash.once "^4.0.0"
      ms "^2.1.1"
      semver "^5.6.0"
  
  jwa@^1.4.1:
    version "1.4.1"
    resolved "https://registry.npmjs.org/jwa/-/jwa-1.4.1.tgz"
    integrity sha512-qiLX/xhEEFKUAJ6FiBMbes3w9ATzyk5W7Hvzpa/SLYdxNtng+gcurvrI7TbACjIXlsJyr05/S1oUhZrc63evQA==
    dependencies:
      buffer-equal-constant-time "1.0.1"
      ecdsa-sig-formatter "1.0.11"
      safe-buffer "^5.0.1"
  
  jws@^3.2.2:
    version "3.2.2"
    resolved "https://registry.npmjs.org/jws/-/jws-3.2.2.tgz"
    integrity sha512-YHlZCB6lMTllWDtSPHz/ZXTsi8S00usEV6v1tjq8tOUZzw7DpSDWVXjXDre6ed1w/pd495ODpHZYSdkRTsa0HA==
    dependencies:
      jwa "^1.4.1"
      safe-buffer "^5.0.1"
  
  lodash.get@^4.1.2, lodash.get@^4.4.2:
    version "4.4.2"
    resolved "https://registry.npmjs.org/lodash.get/-/lodash.get-4.4.2.tgz"
    integrity sha512-z+Uw/vLuy6gQe8cfaFWD7p0wVv8fJl3mbzXh33RS+0oW2wvUqiRXiQ69gLWSLpgB5/6sU+r6BlQR0MBILadqTQ==
  
  lodash.includes@^4.3.0:
    version "4.3.0"
    resolved "https://registry.npmjs.org/lodash.includes/-/lodash.includes-4.3.0.tgz"
    integrity sha512-W3Bx6mdkRTGtlJISOvVD/lbqjTlPPUDTMnlXZFnVwi9NKJ6tiAk6LVdlhZMm17VZisqhKcgzpO5Wz91PCt5b0w==
  
  lodash.isboolean@^3.0.3:
    version "3.0.3"
    resolved "https://registry.npmjs.org/lodash.isboolean/-/lodash.isboolean-3.0.3.tgz"
    integrity sha512-Bz5mupy2SVbPHURB98VAcw+aHh4vRV5IPNhILUCsOzRmsTmSQ17jIuqopAentWoehktxGd9e/hbIXq980/1QJg==
  
  lodash.isinteger@^4.0.4:
    version "4.0.4"
    resolved "https://registry.npmjs.org/lodash.isinteger/-/lodash.isinteger-4.0.4.tgz"
    integrity sha512-DBwtEWN2caHQ9/imiNeEA5ys1JoRtRfY3d7V9wkqtbycnAmTvRRmbHKDV4a0EYc678/dia0jrte4tjYwVBaZUA==
  
  lodash.isnumber@^3.0.3:
    version "3.0.3"
    resolved "https://registry.npmjs.org/lodash.isnumber/-/lodash.isnumber-3.0.3.tgz"
    integrity sha512-QYqzpfwO3/CWf3XP+Z+tkQsfaLL/EnUlXWVkIk5FUPc4sBdTehEqZONuyRt2P67PXAk+NXmTBcc97zw9t1FQrw==
  
  lodash.isplainobject@^4.0.6:
    version "4.0.6"
    resolved "https://registry.npmjs.org/lodash.isplainobject/-/lodash.isplainobject-4.0.6.tgz"
    integrity sha512-oSXzaWypCMHkPC3NvBEaPHf0KsA5mvPrOPgQWDsbg8n7orZ290M0BmC/jgRZ4vcJ6DTAhjrsSYgdsW/F+MFOBA==
  
  lodash.isstring@^4.0.1:
    version "4.0.1"
    resolved "https://registry.npmjs.org/lodash.isstring/-/lodash.isstring-4.0.1.tgz"
    integrity sha512-0wJxfxH1wgO3GrbuP+dTTk7op+6L41QCXbGINEmD+ny/G/eCqGzxyCsh7159S+mgDDcoarnBw6PC1PS5+wUGgw==
  
  lodash.merge@^4.3.0:
    version "4.6.2"
    resolved "https://registry.npmjs.org/lodash.merge/-/lodash.merge-4.6.2.tgz"
    integrity sha512-0KpjqXRVvrYyCsX1swR/XTK0va6VQkQM6MNo7PqW77ByjAhoARA8EfrP1N4+KlKj8YS0ZUCtRT/YUuhyYDujIQ==
  
  lodash.once@^4.0.0:
    version "4.1.1"
    resolved "https://registry.npmjs.org/lodash.once/-/lodash.once-4.1.1.tgz"
    integrity sha512-Sb487aTOCr9drQVL8pIxOzVhafOjZN9UU54hiN8PU3uAiSV7lx1yYNpbNmex2PK6dSJoNTSJUUswT651yww3Mg==
  
  lodash.reduce@^4.6.0:
    version "4.6.0"
    resolved "https://registry.npmjs.org/lodash.reduce/-/lodash.reduce-4.6.0.tgz"
    integrity sha512-6raRe2vxCYBhpBu+B+TtNGUzah+hQjVdu3E17wfusjyrXBka2nBS8OH/gjVZ5PvHOhWmIZTYri09Z6n/QfnNMw==
  
  lodash.snakecase@^4.1.1:
    version "4.1.1"
    resolved "https://registry.npmjs.org/lodash.snakecase/-/lodash.snakecase-4.1.1.tgz"
    integrity sha512-QZ1d4xoBHYUeuouhEq3lk3Uq7ldgyFXGBhg04+oRLnIz8o9T65Eh+8YdroUwn846zchkA9yDsDl5CVVaV2nqYw==
  
  lodash@^4.17.21:
    version "4.17.21"
    resolved "https://registry.npmjs.org/lodash/-/lodash-4.17.21.tgz"
    integrity sha512-v2kDEe57lecTulaDIuNTPy3Ry4gLGJ6Z1O3vE1krgXZNrsQ+LFTGHVxVjcXPs17LhbZVGedAJv8XZ1tvj5FvSg==
  
  macaddress@^0.5.1:
    version "0.5.3"
    resolved "https://registry.npmjs.org/macaddress/-/macaddress-0.5.3.tgz"
    integrity sha512-vGBKTA+jwM4KgjGZ+S/8/Mkj9rWzePyGY6jManXPGhiWu63RYwW8dKPyk5koP+8qNVhPhHgFa1y/MJ4wrjsNrg==
  
  minecraft-data@^3.0.0, minecraft-data@^3.15.2, minecraft-data@^3.5.1, minecraft-data@^3.8.0:
    version "3.20.0"
    resolved "https://registry.npmjs.org/minecraft-data/-/minecraft-data-3.20.0.tgz"
    integrity sha512-xBQZwY0FoVq7jirFTD8mexNatSddP72CpDYweISHKE3J0co+CgfjtvQ94ykdQW+QPTMgrIIlATxVGIlk0Xjm8w==
  
  minecraft-folder-path@^1.2.0:
    version "1.2.0"
    resolved "https://registry.npmjs.org/minecraft-folder-path/-/minecraft-folder-path-1.2.0.tgz"
    integrity sha512-qaUSbKWoOsH9brn0JQuBhxNAzTDMwrOXorwuRxdJKKKDYvZhtml+6GVCUrY5HRiEsieBEjCUnhVpDuQiKsiFaw==
  
  minecraft-protocol@^1.32.0, minecraft-protocol@^1.36.0:
    version "1.36.2"
    resolved "https://registry.npmjs.org/minecraft-protocol/-/minecraft-protocol-1.36.2.tgz"
    integrity sha512-Z7wNk1FTe0bnlmHxJEbpVnIpWLOsAfjoKDFR6DbUHVuL+rNuG9gR/Z3la3a20o4ZrlnToV6vbJkkPhvtn1rSYg==
    dependencies:
      "@types/readable-stream" "^2.3.13"
      aes-js "^3.1.2"
      buffer-equal "^1.0.0"
      debug "^4.3.2"
      endian-toggle "^0.0.0"
      lodash.get "^4.1.2"
      lodash.merge "^4.3.0"
      minecraft-data "^3.8.0"
      minecraft-folder-path "^1.2.0"
      node-fetch "^2.6.1"
      node-rsa "^0.4.2"
      prismarine-auth "^2.0.0"
      prismarine-nbt "^2.0.0"
      protodef "^1.8.0"
      readable-stream "^4.1.0"
      uuid-1345 "^1.0.1"
      yggdrasil "^1.4.0"
  
  mineflayer-pathfinder@^2.3.3:
    version "2.4.2"
    resolved "https://registry.npmjs.org/mineflayer-pathfinder/-/mineflayer-pathfinder-2.4.2.tgz"
    integrity sha512-Aoy4l5/QNtIggozL1/q1/vZUjckAtsOumcyNjAQd/Ea5hRgoW+Rr2yedrL6noUHfP50Gjo7Ms2nLuzEJL16GRA==
    dependencies:
      minecraft-data "^3.5.1"
      prismarine-block "^1.16.3"
      prismarine-entity "^2.1.1"
      prismarine-item "^1.11.5"
      prismarine-nbt "^2.2.1"
      prismarine-physics "^1.5.2"
      vec3 "^0.1.7"
  
  mineflayer@^4.1.0:
    version "4.6.0"
    resolved "https://registry.npmjs.org/mineflayer/-/mineflayer-4.6.0.tgz"
    integrity sha512-/07dw9Qquu7CYMDqKW+gUVZo1XYtkfUbQ7XtmIVNF3/rMGgvcs6UYt/kLWvYpom6GVL8Bie4ZhdNUJNLaZaAQw==
    dependencies:
      minecraft-data "^3.15.2"
      minecraft-protocol "^1.36.0"
      prismarine-biome "^1.1.1"
      prismarine-block "^1.13.1"
      prismarine-chat "^1.7.1"
      prismarine-chunk "^1.32.0"
      prismarine-entity "^2.2.0"
      prismarine-item "^1.12.1"
      prismarine-nbt "^2.0.0"
      prismarine-physics "^1.3.1"
      prismarine-recipe "^1.3.0"
      prismarine-registry "^1.5.0"
      prismarine-windows "^2.5.0"
      prismarine-world "^3.6.0"
      protodef "^1.14.0"
      typed-emitter "^1.0.0"
      vec3 "^0.1.7"
  
  minimatch@^5.0.1:
    version "5.1.2"
    resolved "https://registry.npmjs.org/minimatch/-/minimatch-5.1.2.tgz"
    integrity sha512-bNH9mmM9qsJ2X4r2Nat1B//1dJVcn3+iBLa3IgqJ7EbGaDNepL9QSHOxN4ng33s52VMMhhIfgCYDk3C4ZmlDAg==
    dependencies:
      brace-expansion "^2.0.1"
  
  mojangson@^2.0.1:
    version "2.0.2"
    resolved "https://registry.npmjs.org/mojangson/-/mojangson-2.0.2.tgz"
    integrity sha512-iGPRE1Ez+W+42Dt4Ao91c9VVs+FmuRUlAFDef76xRX3mbZrTNuezDtFI0PbfYqheg/B0fSiq0Q0V1emZNt37cw==
    dependencies:
      nearley "^2.19.5"
  
  moo@^0.5.0:
    version "0.5.2"
    resolved "https://registry.npmjs.org/moo/-/moo-0.5.2.tgz"
    integrity sha512-iSAJLHYKnX41mKcJKjqvnAN9sf0LMDTXDEvFv+ffuRR9a1MIuXLjMNL6EsnDHSkKLTWNqQQ5uo61P4EbU4NU+Q==
  
  ms@2.1.2:
    version "2.1.2"
    resolved "https://registry.npmjs.org/ms/-/ms-2.1.2.tgz"
    integrity sha512-sGkPx+VjMtmA6MX27oA4FBFELFCZZ4S4XqeGOXCv68tT+jb3vk/RyaKWP0PTKyWtmLSM0b+adUTEvbs1PEaH2w==
  
  ms@^2.1.1:
    version "2.1.3"
    resolved "https://registry.npmjs.org/ms/-/ms-2.1.3.tgz"
    integrity sha512-6FlzubTLZG3J2a/NVCAleEhjzq5oxgHyaCU9yYXvcLsvoVaHJq/s5xXI6/XXP6tz7R9xAOtHnSO/tXtF3WRTlA==
  
  nearley@^2.19.5:
    version "2.20.1"
    resolved "https://registry.npmjs.org/nearley/-/nearley-2.20.1.tgz"
    integrity sha512-+Mc8UaAebFzgV+KpI5n7DasuuQCHA89dmwm7JXw3TV43ukfNQ9DnBH3Mdb2g/I4Fdxc26pwimBWvjIw0UAILSQ==
    dependencies:
      commander "^2.19.0"
      moo "^0.5.0"
      railroad-diagrams "^1.0.0"
      randexp "0.4.6"
  
  node-fetch@^2.6.1:
    version "2.6.7"
    resolved "https://registry.npmjs.org/node-fetch/-/node-fetch-2.6.7.tgz"
    integrity sha512-ZjMPFEfVx5j+y2yF35Kzx5sF7kDzxuDj6ziH4FFbOp87zKDZNx8yExJIb05OGF4Nlt9IHFIMBkRl41VdvcNdbQ==
    dependencies:
      whatwg-url "^5.0.0"
  
  node-rsa@^0.4.2:
    version "0.4.2"
    resolved "https://registry.npmjs.org/node-rsa/-/node-rsa-0.4.2.tgz"
    integrity sha512-Bvso6Zi9LY4otIZefYrscsUpo2mUpiAVIEmSZV2q41sP8tHZoert3Yu6zv4f/RXJqMNZQKCtnhDugIuCma23YA==
    dependencies:
      asn1 "0.2.3"
  
  once@^1.3.0:
    version "1.4.0"
    resolved "https://registry.npmjs.org/once/-/once-1.4.0.tgz"
    integrity sha512-lNaJgI+2Q5URQBkccEKHTQOPaXdUxnZZElQTZY0MFUAuaEqe1E+Nyvgdz/aIyNi6Z9MzO5dv1H8n58/GELp3+w==
    dependencies:
      wrappy "1"
  
  peek-readable@^5.0.0:
    version "5.0.0"
    resolved "https://registry.npmjs.org/peek-readable/-/peek-readable-5.0.0.tgz"
    integrity sha512-YtCKvLUOvwtMGmrniQPdO7MwPjgkFBtFIrmfSbYmYuq3tKDV/mcfAhBth1+C3ru7uXIZasc/pHnb+YDYNkkj4A==
  
  prismarine-auth@^2.0.0:
    version "2.1.1"
    resolved "https://registry.npmjs.org/prismarine-auth/-/prismarine-auth-2.1.1.tgz"
    integrity sha512-KPWA2ZL4Tewl2gDKL2WT9yUSRKfE7MNgQ++RY+mSDUo+dJpRsqKnR7VZIhyRn8ai/iA8v/SFc/MmJiZ2TsZGmQ==
    dependencies:
      "@azure/msal-node" "^1.1.0"
      "@xboxreplay/xboxlive-auth" "^3.3.3"
      debug "^4.3.3"
      jose "^4.1.4"
      node-fetch "^2.6.1"
      smart-buffer "^4.1.0"
      uuid-1345 "^1.0.2"
  
  prismarine-biome@^1.1.0, prismarine-biome@^1.1.1, prismarine-biome@^1.2.0:
    version "1.3.0"
    resolved "https://registry.npmjs.org/prismarine-biome/-/prismarine-biome-1.3.0.tgz"
    integrity sha512-GY6nZxq93mTErT7jD7jt8YS1aPrOakbJHh39seYsJFXvueIOdHAmW16kYQVrTVMW5MlWLQVxV/EquRwOgr4MnQ==
  
  prismarine-block@^1.13.1, prismarine-block@^1.14.1, prismarine-block@^1.16.3:
    version "1.16.3"
    resolved "https://registry.npmjs.org/prismarine-block/-/prismarine-block-1.16.3.tgz"
    integrity sha512-E9OazjIqnEgcXM6me6EIeQFMcNRWZzsaftWtetRSIKVoW+4UKWleb6lTNKh9kq7wNxciKavcYBmKL3sF7HfSaA==
    dependencies:
      minecraft-data "^3.0.0"
      prismarine-biome "^1.1.0"
      prismarine-chat "^1.5.0"
      prismarine-item "^1.10.1"
      prismarine-nbt "^2.0.0"
      prismarine-registry "^1.1.0"
  
  prismarine-chat@^1.4.1, prismarine-chat@^1.5.0, prismarine-chat@^1.7.1:
    version "1.7.2"
    resolved "https://registry.npmjs.org/prismarine-chat/-/prismarine-chat-1.7.2.tgz"
    integrity sha512-+m03T/MFhsXyLF2lH+MF5BPjqDvpeyX/T6v7l6rncVLahMVq/0knr7FPyrYHHzqIpSW8tx4iwhdfDcmwzMVBEQ==
    dependencies:
      mojangson "^2.0.1"
      prismarine-item "^1.10.0"
      prismarine-nbt "^2.0.0"
      prismarine-registry "^1.4.0"
      sprintf-js "^1.1.2"
  
  prismarine-chunk@^1.32.0:
    version "1.32.0"
    resolved "https://registry.npmjs.org/prismarine-chunk/-/prismarine-chunk-1.32.0.tgz"
    integrity sha512-2Abh7M93BPbqRZEclmjIHC2RcETWN2/0zYsbPc5SgWXqe7u34kQaB2lv3YUS1xZ3vg9kdtR8mzElk8i84eX7PA==
    dependencies:
      minecraft-data "^3.0.0"
      prismarine-biome "^1.2.0"
      prismarine-block "^1.14.1"
      prismarine-registry "^1.1.0"
      smart-buffer "^4.1.0"
      uint4 "^0.1.2"
      vec3 "^0.1.3"
      xxhash-wasm "^0.4.2"
  
  prismarine-entity@^2.1.1, prismarine-entity@^2.2.0:
    version "2.2.0"
    resolved "https://registry.npmjs.org/prismarine-entity/-/prismarine-entity-2.2.0.tgz"
    integrity sha512-boqJbMpGHG2ddFUUo9aKkKPUHQbFMWkUCw8SRdZ+jrZxABsstL9619I8ujwPYoOMJjMyfYWgdEPNyHGiUqqukA==
    dependencies:
      minecraft-data "^3.0.0"
      prismarine-chat "^1.4.1"
      prismarine-item "^1.11.2"
      prismarine-registry "^1.4.0"
      vec3 "^0.1.4"
  
  prismarine-item@^1.10.0, prismarine-item@^1.10.1, prismarine-item@^1.11.2, prismarine-item@^1.11.5, prismarine-item@^1.12.1, prismarine-item@^1.5.0:
    version "1.12.1"
    resolved "https://registry.npmjs.org/prismarine-item/-/prismarine-item-1.12.1.tgz"
    integrity sha512-Q+cV8WCM6gTO/K8gIpe4sTCVj0wdXy/IIctpQhgj4iRPoRY/rLCI88FAGsLNU1cabOFQDO3a0NIz+KLvhOvbQA==
    dependencies:
      prismarine-nbt "^2.0.0"
      prismarine-registry "^1.4.0"
  
  prismarine-nbt@^2.0.0, prismarine-nbt@^2.2.1:
    version "2.2.1"
    resolved "https://registry.npmjs.org/prismarine-nbt/-/prismarine-nbt-2.2.1.tgz"
    integrity sha512-Mb50c58CPnuZ+qvM31DBa08tf9UumlTq1LkvpMoUpKfCuN05GZHTqCUwER3lxTSHLL0GZKghIPbYR/JQkINijQ==
    dependencies:
      protodef "^1.9.0"
  
  prismarine-physics@^1.3.1, prismarine-physics@^1.5.2:
    version "1.5.2"
    resolved "https://registry.npmjs.org/prismarine-physics/-/prismarine-physics-1.5.2.tgz"
    integrity sha512-Ak1yM/Fv9qxIt8Lgp/pHYS0v5P1bkZLq27Cb35Z/0YMCEUk0zXGfJOg0R666EQJOnAA1ABNZlRjglL9ZBMnWqg==
    dependencies:
      minecraft-data "^3.0.0"
      prismarine-nbt "^2.0.0"
      vec3 "^0.1.7"
  
  prismarine-recipe@^1.3.0:
    version "1.3.1"
    resolved "https://registry.npmjs.org/prismarine-recipe/-/prismarine-recipe-1.3.1.tgz"
    integrity sha512-xfa9E9ACoaDi+YzNQ+nk8kWSIqt5vSZOOCHIT+dTXscf/dng2HaJ/59uwe1D/jvOkAd2OvM6RRJM6fFe0q/LDA==
  
  prismarine-registry@^1.1.0, prismarine-registry@^1.4.0, prismarine-registry@^1.5.0:
    version "1.6.0"
    resolved "https://registry.npmjs.org/prismarine-registry/-/prismarine-registry-1.6.0.tgz"
    integrity sha512-oduDRuwa5rXT8CkPeMSlBsuBzxZF9oRsDpFK0oBStpIoNwSuTqqGGGgLlyL20OS2O9pmqYpOMlmG80CW4uuKJw==
    dependencies:
      minecraft-data "^3.0.0"
      prismarine-nbt "^2.0.0"
  
  prismarine-windows@^2.5.0:
    version "2.6.1"
    resolved "https://registry.npmjs.org/prismarine-windows/-/prismarine-windows-2.6.1.tgz"
    integrity sha512-5B8+W4Zb9MWaakd38I/WW564zEgat6bC23ftcv15yVYmHZTq8mtUfX2GsOUD3Pu/aFKarvXpyyJahFMUTUVoXg==
    dependencies:
      prismarine-item "^1.5.0"
      prismarine-registry "^1.5.0"
      typed-emitter "^1.0.0"
  
  prismarine-world@IceTank/prismarine-world.git#storage-provider-save-fix, prismarine-world@^3.6.0:
    version "3.6.1"
    resolved "https://codeload.github.com/IceTank/prismarine-world/tar.gz/707c62437b9faec648bf0f4300fcd7feecbf238f"
    dependencies:
      vec3 "^0.1.7"
  
  process@^0.11.10:
    version "0.11.10"
    resolved "https://registry.npmjs.org/process/-/process-0.11.10.tgz"
    integrity sha512-cdGef/drWFoydD1JsMzuFf8100nZl+GT+yacc2bEced5f9Rjk4z+WtFUTBu9PhOi9j/jfmBPu0mMEY4wIdAF8A==
  
  protodef-validator@^1.3.0:
    version "1.3.1"
    resolved "https://registry.npmjs.org/protodef-validator/-/protodef-validator-1.3.1.tgz"
    integrity sha512-lZ5FWKZYR9xOjpMw1+EfZRfCjzNRQWPq+Dk+jki47Sikl2EeWEPnTfnJERwnU/EwFq6us+0zqHHzSsmLeYX+Lg==
    dependencies:
      ajv "^6.5.4"
  
  protodef@^1.14.0, protodef@^1.8.0, protodef@^1.9.0:
    version "1.15.0"
    resolved "https://registry.npmjs.org/protodef/-/protodef-1.15.0.tgz"
    integrity sha512-bZ2Omw8dT+DACjJHLrBWZlqN4MlT9g9oSpJDdkUAJOStUzgJp+Zn42FJfPUdwutUxjaxA0PftN0PDlNa2XbneA==
    dependencies:
      lodash.get "^4.4.2"
      lodash.reduce "^4.6.0"
      protodef-validator "^1.3.0"
      readable-stream "^3.0.3"
  
  punycode@^2.1.0:
    version "2.1.1"
    resolved "https://registry.npmjs.org/punycode/-/punycode-2.1.1.tgz"
    integrity sha512-XRsRjdf+j5ml+y/6GKHPZbrF/8p2Yga0JPtdqTIY2Xe5ohJPD9saDJJLPvp9+NSBprVvevdXZybnj2cv8OEd0A==
  
  railroad-diagrams@^1.0.0:
    version "1.0.0"
    resolved "https://registry.npmjs.org/railroad-diagrams/-/railroad-diagrams-1.0.0.tgz"
    integrity sha512-cz93DjNeLY0idrCNOH6PviZGRN9GJhsdm9hpn1YCS879fj4W+x5IFJhhkRZcwVgMmFF7R82UA/7Oh+R8lLZg6A==
  
  randexp@0.4.6:
    version "0.4.6"
    resolved "https://registry.npmjs.org/randexp/-/randexp-0.4.6.tgz"
    integrity sha512-80WNmd9DA0tmZrw9qQa62GPPWfuXJknrmVmLcxvq4uZBdYqb1wYoKTmnlGUchvVWe0XiLupYkBoXVOxz3C8DYQ==
    dependencies:
      discontinuous-range "1.0.0"
      ret "~0.1.10"
  
  readable-stream@^3.0.3, readable-stream@^3.6.0:
    version "3.6.0"
    resolved "https://registry.npmjs.org/readable-stream/-/readable-stream-3.6.0.tgz"
    integrity sha512-BViHy7LKeTz4oNnkcLJ+lVSL6vpiFeX6/d3oSH8zCW7UxP2onchk+vTGB143xuFjHS3deTgkKoXXymXqymiIdA==
    dependencies:
      inherits "^2.0.3"
      string_decoder "^1.1.1"
      util-deprecate "^1.0.1"
  
  readable-stream@^4.1.0:
    version "4.3.0"
    resolved "https://registry.npmjs.org/readable-stream/-/readable-stream-4.3.0.tgz"
    integrity sha512-MuEnA0lbSi7JS8XM+WNJlWZkHAAdm7gETHdFK//Q/mChGyj2akEFtdLZh32jSdkWGbRwCW9pn6g3LWDdDeZnBQ==
    dependencies:
      abort-controller "^3.0.0"
      buffer "^6.0.3"
      events "^3.3.0"
      process "^0.11.10"
  
  readable-web-to-node-stream@^3.0.2:
    version "3.0.2"
    resolved "https://registry.npmjs.org/readable-web-to-node-stream/-/readable-web-to-node-stream-3.0.2.tgz"
    integrity sha512-ePeK6cc1EcKLEhJFt/AebMCLL+GgSKhuygrZ/GLaKZYEecIgIECf4UaUuaByiGtzckwR4ain9VzUh95T1exYGw==
    dependencies:
      readable-stream "^3.6.0"
  
  ret@~0.1.10:
    version "0.1.15"
    resolved "https://registry.npmjs.org/ret/-/ret-0.1.15.tgz"
    integrity sha512-TTlYpa+OL+vMMNG24xSlQGEJ3B/RzEfUlLct7b5G/ytav+wPrplCpVMFuwzXbkecJrb6IYo1iFb0S9v37754mg==
  
  safe-buffer@^5.0.1, safe-buffer@~5.2.0:
    version "5.2.1"
    resolved "https://registry.npmjs.org/safe-buffer/-/safe-buffer-5.2.1.tgz"
    integrity sha512-rp3So07KcdmmKbGvgaNxQSJr7bGVSVk5S9Eq1F+ppbRo70+YeaDxkw5Dd8NPN+GD6bjnYm2VuPuCXmpuYvmCXQ==
  
  safe-buffer@~5.1.1:
    version "5.1.2"
    resolved "https://registry.npmjs.org/safe-buffer/-/safe-buffer-5.1.2.tgz"
    integrity sha512-Gd2UZBJDkXlY7GbJxfsE8/nvKkUEU1G38c1siN6QP6a9PT9MmHB8GnpscSmMJSoF8LOIrt8ud/wPtojys4G6+g==
  
  semver@^5.6.0:
    version "5.7.1"
    resolved "https://registry.npmjs.org/semver/-/semver-5.7.1.tgz"
    integrity sha512-sauaDf/PZdVgrLTNYHRtpXa1iRiKcaebiKQ1BJdpQlWH2lCvexQdX55snPFyK7QzpudqbCI0qXFfOasHdyNDGQ==
  
  smart-buffer@^4.1.0, smart-buffer@^4.2.0:
    version "4.2.0"
    resolved "https://registry.npmjs.org/smart-buffer/-/smart-buffer-4.2.0.tgz"
    integrity sha512-94hK0Hh8rPqQl2xXc3HsaBoOXKV20MToPkcXvwbISWLEs+64sBq5kFgn2kJDHb1Pry9yrP0dxrCI9RRci7RXKg==
  
  sprintf-js@^1.1.2:
    version "1.1.2"
    resolved "https://registry.npmjs.org/sprintf-js/-/sprintf-js-1.1.2.tgz"
    integrity sha512-VE0SOVEHCk7Qc8ulkWw3ntAzXuqf7S2lvwQaDLRnUeIEaKNQJzV6BwmLKhOqT61aGhfUMrXeaBk+oDGCzvhcug==
  
  streamsearch@^1.1.0:
    version "1.1.0"
    resolved "https://registry.npmjs.org/streamsearch/-/streamsearch-1.1.0.tgz"
    integrity sha512-Mcc5wHehp9aXz1ax6bZUyY5afg9u2rv5cqQI3mRrYkGC8rW2hM02jWuwjtL++LS5qinSyhj2QfLyNsuc+VsExg==
  
  strict-event-emitter-types@^2.0.0:
    version "2.0.0"
    resolved "https://registry.npmjs.org/strict-event-emitter-types/-/strict-event-emitter-types-2.0.0.tgz"
    integrity sha512-Nk/brWYpD85WlOgzw5h173aci0Teyv8YdIAEtV+N88nDB0dLlazZyJMIsN6eo1/AR61l+p6CJTG1JIyFaoNEEA==
  
  strict-event-emitter@^0.4.3:
    version "0.4.3"
    resolved "https://registry.yarnpkg.com/strict-event-emitter/-/strict-event-emitter-0.4.3.tgz#45d0f75e1dc071eeb7cfbdff864fd2b9172bc257"
    integrity sha512-uD0y7Wp3+ifPyfzIS+JrMvSnxFExHytmD5gTkndF1fi8Vrk2uiOY/2At73AwzLHz+RwrchegD8tHdowsfG7raQ==
  
  string_decoder@^1.1.1:
    version "1.3.0"
    resolved "https://registry.npmjs.org/string_decoder/-/string_decoder-1.3.0.tgz"
    integrity sha512-hkRX8U1WjJFd8LsDJ2yQ/wWWxaopEsABU1XfkM8A+j0+85JAGppt16cr1Whg6KIbb4okU6Mql6BOj+uup/wKeA==
    dependencies:
      safe-buffer "~5.2.0"
  
  strtok3@^7.0.0:
    version "7.0.0"
    resolved "https://registry.npmjs.org/strtok3/-/strtok3-7.0.0.tgz"
    integrity sha512-pQ+V+nYQdC5H3Q7qBZAz/MO6lwGhoC2gOAjuouGf/VO0m7vQRh8QNMl2Uf6SwAtzZ9bOw3UIeBukEGNJl5dtXQ==
    dependencies:
      "@tokenizer/token" "^0.3.0"
      peek-readable "^5.0.0"
  
  token-types@^5.0.1:
    version "5.0.1"
    resolved "https://registry.npmjs.org/token-types/-/token-types-5.0.1.tgz"
    integrity sha512-Y2fmSnZjQdDb9W4w4r1tswlMHylzWIeOKpx0aZH9BgGtACHhrk3OkT52AzwcuqTRBZtvvnTjDBh8eynMulu8Vg==
    dependencies:
      "@tokenizer/token" "^0.3.0"
      ieee754 "^1.2.1"
  
  tr46@~0.0.3:
    version "0.0.3"
    resolved "https://registry.npmjs.org/tr46/-/tr46-0.0.3.tgz"
    integrity sha512-N3WMsuqV66lT30CrXNbEjx4GEwlow3v6rr4mCcv6prnfwhS01rkgyFdjPNBYd9br7LpXV1+Emh01fHnq2Gdgrw==
  
  ts-deepmerge@^5.0.0:
    version "5.0.0"
    resolved "https://registry.npmjs.org/ts-deepmerge/-/ts-deepmerge-5.0.0.tgz"
    integrity sha512-K1V6dniogjom+6jsLCysv7y6/Hd04/a9DXiKFSr/7/Y6Ji+9fwFF8DzdncYNQ6VP6to8U9qbztQpIZKqYrtBgQ==
  
  ts-luxon@^4.0.1:
    version "4.0.1"
    resolved "https://registry.npmjs.org/ts-luxon/-/ts-luxon-4.0.1.tgz"
    integrity sha512-y7wCmgQ1sIjDUheejmLIOz08XeJ8sQ75m4zKd2ppI4OgTbQIuW8e4ZfNyp75zgomSZGi0I/PIiaHSYdrHd+tiQ==
  
  ts-mixer@^6.0.2:
    version "6.0.2"
    resolved "https://registry.npmjs.org/ts-mixer/-/ts-mixer-6.0.2.tgz"
    integrity sha512-zvHx3VM83m2WYCE8XL99uaM7mFwYSkjR2OZti98fabHrwkjsCvgwChda5xctein3xGOyaQhtTeDq/1H/GNvF3A==
  
  tslib@^1.9.3:
    version "1.14.1"
    resolved "https://registry.npmjs.org/tslib/-/tslib-1.14.1.tgz"
    integrity sha512-Xni35NKzjgMrwevysHTCArtLDpPvye8zV/0E4EyYn43P7/7qvQwPh9BGkHewbMulVntbigmcT7rdX3BNo9wRJg==
  
  tslib@^2.3.1, tslib@^2.4.0, tslib@^2.4.1:
    version "2.4.1"
    resolved "https://registry.npmjs.org/tslib/-/tslib-2.4.1.tgz"
    integrity sha512-tGyy4dAjRIEwI7BzsB0lynWgOpfqjUdq91XXAlIWD2OwKBH7oCl/GZG/HT4BOHrTlPMOASlMQ7veyTqpmRcrNA==
  
  tsyringe@^4.7.0:
    version "4.7.0"
    resolved "https://registry.npmjs.org/tsyringe/-/tsyringe-4.7.0.tgz"
    integrity sha512-ncFDM1jTLsok4ejMvSW5jN1VGPQD48y2tfAR0pdptWRKYX4bkbqPt92k7KJ5RFJ1KV36JEs/+TMh7I6OUgj74g==
    dependencies:
      tslib "^1.9.3"
  
  typed-emitter@^1.0.0:
    version "1.4.0"
    resolved "https://registry.npmjs.org/typed-emitter/-/typed-emitter-1.4.0.tgz"
    integrity sha512-weBmoo3HhpKGgLBOYwe8EB31CzDFuaK7CCL+axXhUYhn4jo6DSkHnbefboCF5i4DQ2aMFe0C/FdTWcPdObgHyg==
  
  typedi@^0.10.0:
    version "0.10.0"
    resolved "https://registry.npmjs.org/typedi/-/typedi-0.10.0.tgz"
    integrity sha512-v3UJF8xm68BBj6AF4oQML3ikrfK2c9EmZUyLOfShpJuItAqVBHWP/KtpGinkSsIiP6EZyyb6Z3NXyW9dgS9X1w==
  
  typescript@^4.9.4:
    version "4.9.4"
    resolved "https://registry.npmjs.org/typescript/-/typescript-4.9.4.tgz"
    integrity sha512-Uz+dTXYzxXXbsFpM86Wh3dKCxrQqUcVMxwU54orwlJjOpO3ao8L7j5lH+dWfTwgCwIuM9GQ2kvVotzYJMXTBZg==
  
  uint4@^0.1.2:
    version "0.1.2"
    resolved "https://registry.npmjs.org/uint4/-/uint4-0.1.2.tgz"
    integrity sha512-lhEx78gdTwFWG+mt6cWAZD/R6qrIj0TTBeH5xwyuDJyswLNlGe+KVlUPQ6+mx5Ld332pS0AMUTo9hIly7YsWxQ==
  
  undici@^5.13.0:
    version "5.14.0"
    resolved "https://registry.npmjs.org/undici/-/undici-5.14.0.tgz"
    integrity sha512-yJlHYw6yXPPsuOH0x2Ib1Km61vu4hLiRRQoafs+WUgX1vO64vgnxiCEN9dpIrhZyHFsai3F0AEj4P9zy19enEQ==
    dependencies:
      busboy "^1.6.0"
  
  uri-js@^4.2.2:
    version "4.4.1"
    resolved "https://registry.npmjs.org/uri-js/-/uri-js-4.4.1.tgz"
    integrity sha512-7rKUyy33Q1yc98pQ1DAmLtwX109F7TIfWlW1Ydo8Wl1ii1SeHieeh0HHfPeL2fMXK6z0s8ecKs9frCuLJvndBg==
    dependencies:
      punycode "^2.1.0"
  
  util-deprecate@^1.0.1:
    version "1.0.2"
    resolved "https://registry.npmjs.org/util-deprecate/-/util-deprecate-1.0.2.tgz"
    integrity sha512-EPD5q1uXyFxJpCrLnCc1nHnq3gOa6DZBocAIiI2TaSCA7VCJ1UJDMagCzIkXNsUYfD1daK//LTEQ8xiIbrHtcw==
  
  uuid-1345@^1.0.1, uuid-1345@^1.0.2:
    version "1.0.2"
    resolved "https://registry.npmjs.org/uuid-1345/-/uuid-1345-1.0.2.tgz"
    integrity sha512-bA5zYZui+3nwAc0s3VdGQGBfbVsJLVX7Np7ch2aqcEWFi5lsAEcmO3+lx3djM1npgpZI8KY2FITZ2uYTnYUYyw==
    dependencies:
      macaddress "^0.5.1"
  
  uuid@^8.2.0, uuid@^8.3.0:
    version "8.3.2"
    resolved "https://registry.npmjs.org/uuid/-/uuid-8.3.2.tgz"
    integrity sha512-+NYs2QeMWy+GWFOEm9xnn6HCDp0l7QBD7ml8zLUmJ+93Q5NF0NocErnwkTkXVFNiX3/fpC6afS8Dhb/gz7R7eg==
  
  vec3@^0.1.3, vec3@^0.1.4, vec3@^0.1.7:
    version "0.1.7"
    resolved "https://registry.npmjs.org/vec3/-/vec3-0.1.7.tgz"
    integrity sha512-EZSeXBL+L3go2wWwtQQse4fEcNGIQjT14qvi4LYVj1ifZt/J5XZ1QZqkDuOVVH07YwTEIFbsAv3pzwUpF7x9Wg==
  
  webidl-conversions@^3.0.0:
    version "3.0.1"
    resolved "https://registry.npmjs.org/webidl-conversions/-/webidl-conversions-3.0.1.tgz"
    integrity sha512-2JAn3z8AR6rjK8Sm8orRC0h/bcl/DqL7tRPdGZ4I1CjdF+EaMLmYxBHyXuKL849eucPFhvBoxMsflfOb8kxaeQ==
  
  whatwg-url@^5.0.0:
    version "5.0.0"
    resolved "https://registry.npmjs.org/whatwg-url/-/whatwg-url-5.0.0.tgz"
    integrity sha512-saE57nupxk6v3HY35+jzBwYa0rKSy0XR8JSxZPwgLr7ys0IBzhGviA1/TUGJLmSVqs8pb9AnvICXEuOHLprYTw==
    dependencies:
      tr46 "~0.0.3"
      webidl-conversions "^3.0.0"
  
  wrappy@1:
    version "1.0.2"
    resolved "https://registry.npmjs.org/wrappy/-/wrappy-1.0.2.tgz"
    integrity sha512-l4Sp/DRseor9wL6EvV2+TuQn63dMkPjZ/sp9XkghTEbV9KlPS1xUsZ3u7/IQO4wxtcFB4bgpQPRcR3QCvezPcQ==
  
  ws@^8.11.0:
    version "8.11.0"
    resolved "https://registry.npmjs.org/ws/-/ws-8.11.0.tgz"
    integrity sha512-HPG3wQd9sNQoT9xHyNCXoDUa+Xw/VevmY9FoHyQ+g+rrMn4j6FB4np7Z0OhdTgjx6MgQLK7jwSy1YecU1+4Asg==
  
  xxhash-wasm@^0.4.2:
    version "0.4.2"
    resolved "https://registry.npmjs.org/xxhash-wasm/-/xxhash-wasm-0.4.2.tgz"
    integrity sha512-/eyHVRJQCirEkSZ1agRSCwriMhwlyUcFkXD5TPVSLP+IPzjsqMVzZwdoczLp1SoQU0R3dxz1RpIK+4YNQbCVOA==
  
  yggdrasil@^1.4.0:
    version "1.7.0"
    resolved "https://registry.npmjs.org/yggdrasil/-/yggdrasil-1.7.0.tgz"
    integrity sha512-QBIo5fiNd7688G3FqXXYGr36uyrYzczlNuzpWFy2zL3+R+3KT2lF+wFxm51synfA3l3z6IBiGOc1/EVXWCYY1Q==
    dependencies:
      node-fetch "^2.6.1"
      uuid "^8.2.0"
