

[4-8-2023 12:25:29:46 PM] [AntiAFK!]["[INFO] Completed AntiAFK module: ChatBotModule, to success: true, with reason: undefined"]
[4-8-2023 12:25:29:48 PM] [AntiAFK!]["[INFO] Completed AntiAFK module: BlockBreakModule, to success: false, with reason: failed to pathfind to block."]
[4-8-2023 12:25:30:48 PM] [AntiAFK!]["[INFO] Completed AntiAFK module: LookAroundModule, to success: true, with reason: undefined"]
[4-8-2023 12:25:30:53 PM] [AntiAFK!]["[INFO] Completed AntiAFK module: BlockBreakModule, to success: false, with reason: failed to pathfind to block."]
[4-8-2023 12:25:34:76 PM] [AntiAFK!]["[INFO] Completed AntiAFK module: ChatBotModule, to success: true, with reason: undefined"]
[4-8-2023 12:25:34:79 PM] [AntiAFK!]["[INFO] Completed AntiAFK module: BlockBreakModule, to success: false, with reason: failed to pathfind to block."]
[4-8-2023 12:25:35:65 PM] [AntiAFK!]["[INFO] Completed AntiAFK module: LookAroundModule, to success: true, with reason: undefined"]
[4-8-2023 12:25:35:76 PM] [AntiAFK!]["[INFO] Completed AntiAFK module: WalkAroundModule, to success: true, with reason: undefined"]
[4-8-2023 12:25:39:82 PM] [AntiAFK!]["[INFO] Completed AntiAFK module: ChatBotModule, to success: true, with reason: undefined"]
[4-8-2023 12:25:39:87 PM] [AntiAFK!]["[INFO] Completed AntiAFK module: WalkAroundModule, to success: true, with reason: undefined"]
[4-8-2023 12:25:39:92 PM] [AntiAFK!]["[INFO] Completed AntiAFK module: BlockBreakModule, to success: false, with reason: failed to pathfind to block."]
[4-8-2023 12:25:44:08 PM] [AntiAFK!]["[INFO] Completed AntiAFK module: ChatBotModule, to success: true, with reason: undefined"]
[4-8-2023 12:25:44:98 PM] [AntiAFK!]["[INFO] Completed AntiAFK module: LookAroundModule, to success: true, with reason: undefined"]
[4-8-2023 12:25:45:03 PM] [AntiAFK!]["[INFO] Completed AntiAFK module: BlockBreakModule, to success: false, with reason: failed to pathfind to block."]
[4-8-2023 12:25:45:08 PM] [AntiAFK!]["[INFO] Completed AntiAFK module: WalkAroundModule, to success: true, with reason: undefined"]
[4-8-2023 12:25:45:13 PM] [AntiAFK!]["[INFO] Completed AntiAFK module: BlockBreakModule, to success: false, with reason: failed to pathfind to block."]
[4-8-2023 12:25:49:78 PM] [AntiAFK!]["[INFO] Completed AntiAFK module: ChatBotModule, to success: true, with reason: undefined"]
[4-8-2023 12:25:49:99 PM] [AntiAFK!]["[INFO] Completed AntiAFK module: LookAroundModule, to success: true, with reason: undefined"]
[4-8-2023 12:25:50:05 PM] [AntiAFK!]["[INFO] Completed AntiAFK module: BlockBreakModule, to success: false, with reason: failed to pathfind to block."]
[4-8-2023 12:25:55:06 PM] [AntiAFK!]["[INFO] Completed AntiAFK module: ChatBotModule, to success: true, with reason: undefined"]
[4-8-2023 12:25:55:11 PM] [AntiAFK!]["[INFO] Completed AntiAFK module: BlockBreakModule, to success: false, with reason: failed to pathfind to block."]
[4-8-2023 12:25:55:41 PM] [AntiAFK!]["[INFO] Completed AntiAFK module: LookAroundModule, to success: true, with reason: undefined"]
[4-8-2023 12:25:55:46 PM] [AntiAFK!]["[INFO] Completed AntiAFK module: BlockBreakModule, to success: false, with reason: failed to pathfind to block."]
[4-8-2023 12:25:55:57 PM] [AntiAFK!]["[INFO] Completed AntiAFK module: WalkAroundModule, to success: true, with reason: undefined"]
[4-8-2023 12:26:00:67 PM] [AntiAFK!]["[INFO] Completed AntiAFK module: ChatBotModule, to success: true, with reason: undefined"]
[4-8-2023 12:26:00:69 PM] [AntiAFK!]["[INFO] Completed AntiAFK module: BlockBreakModule, to success: false, with reason: failed to pathfind to block."]
[4-8-2023 12:26:00:75 PM] [AntiAFK!]["[INFO] Completed AntiAFK module: WalkAroundModule, to success: true, with reason: undefined"]
[4-8-2023 12:26:00:84 PM] [AntiAFK!]["[INFO] Completed AntiAFK module: LookAroundModule, to success: true, with reason: undefined"]
[4-8-2023 12:26:06:61 PM] [AntiAFK!]["[INFO] Completed AntiAFK module: ChatBotModule, to success: true, with reason: undefined"]
[4-8-2023 12:26:06:66 PM] [AntiAFK!]["[INFO] Completed AntiAFK module: BlockBreakModule, to success: false, with reason: failed to pathfind to block."]
[4-8-2023 12:26:12:41 PM] [AntiAFK!]["[INFO] Completed AntiAFK module: ChatBotModule, to success: true, with reason: undefined"]
[4-8-2023 12:26:12:58 PM] [AntiAFK!]["[INFO] Completed AntiAFK module: LookAroundModule, to success: true, with reason: undefined"]
[4-8-2023 12:26:12:63 PM] [AntiAFK!]["[INFO] Completed AntiAFK module: WalkAroundModule, to success: true, with reason: undefined"]
[4-8-2023 12:26:17:76 PM] [AntiAFK!]["[INFO] Completed AntiAFK module: ChatBotModule, to success: true, with reason: undefined"]
[4-8-2023 12:26:17:79 PM] [AntiAFK!]["[INFO] Completed AntiAFK module: BlockBreakModule, to success: false, with reason: failed to pathfind to block."]
[4-8-2023 12:26:18:74 PM] [AntiAFK!]["[INFO] Completed AntiAFK module: LookAroundModule, to success: true, with reason: undefined"]
[4-8-2023 12:26:18:79 PM] [AntiAFK!]["[INFO] Completed AntiAFK module: BlockBreakModule, to success: false, with reason: failed to pathfind to block."]
[4-8-2023 12:26:18:93 PM] [AntiAFK!]["[INFO] Completed AntiAFK module: WalkAroundModule, to success: true, with reason: undefined"]
[4-8-2023 12:26:24:42 PM] [AntiAFK!]["[INFO] Completed AntiAFK module: ChatBotModule, to success: true, with reason: undefined"]
[4-8-2023 12:26:24:44 PM] [AntiAFK!]["[INFO] Completed AntiAFK module: BlockBreakModule, to success: false, with reason: failed to pathfind to block."]
[4-8-2023 12:26:24:79 PM] [AntiAFK!]["[INFO] Completed AntiAFK module: LookAroundModule, to success: true, with reason: undefined"]
[4-8-2023 12:26:28:69 PM] [AntiAFK!]["[ERROR] Canceled AntiAFK module: ChatBotModule"]
[4-8-2023 12:26:29:65 PM] [AntiAFK!]["[INFO] Completed AntiAFK module: ChatBotModule, to success: true, with reason: undefined"]
[4-8-2023 12:26:44:55 PM] [AntiAFK!]["[INFO] Completed AntiAFK module: BlockBreakModule, to success: false, with reason: failed to pathfind to block."]
[4-8-2023 12:26:45:00 PM] [AntiAFK!]["[INFO] Completed AntiAFK module: LookAroundModule, to success: true, with reason: undefined"]
[4-8-2023 12:26:53:81 PM] [AntiAFK!]["[INFO] Completed AntiAFK module: BlockBreakModule, to success: false, with reason: failed to pathfind to block."]
[4-8-2023 12:26:59:45 PM] [AntiAFK!]["[INFO] Completed AntiAFK module: WalkAroundModule, to success: true, with reason: undefined"]
[4-8-2023 12:26:59:45 PM] [AntiAFK!]["[INFO] Completed AntiAFK module: ChatBotModule, to success: true, with reason: undefined"]
[4-8-2023 12:26:59:80 PM] [AntiAFK!]["[INFO] Completed AntiAFK module: LookAroundModule, to success: true, with reason: undefined"]
[4-8-2023 12:27:07:80 PM] [AntiAFK!]["[INFO] Completed AntiAFK module: ChatBotModule, to success: true, with reason: undefined"]
[4-8-2023 12:27:07:80 PM] [AntiAFK!]["[INFO] Completed AntiAFK module: BlockBreakModule, to success: false, with reason: failed to pathfind to block."]
[4-8-2023 12:27:14:04 PM] [AntiAFK!]["[INFO] Completed AntiAFK module: WalkAroundModule, to success: true, with reason: undefined"]
[4-8-2023 12:27:21:85 PM] [AntiAFK!]["[INFO] Completed AntiAFK module: BlockBreakModule, to success: false, with reason: failed to pathfind to block."]
[4-8-2023 12:27:27:74 PM] [AntiAFK!]["[INFO] Completed AntiAFK module: WalkAroundModule, to success: true, with reason: undefined"]
[4-8-2023 12:27:27:79 PM] [AntiAFK!]["[INFO] Completed AntiAFK module: LookAroundModule, to success: true, with reason: undefined"]
[4-8-2023 12:27:33:23 PM] [AntiAFK!]["[INFO] Completed AntiAFK module: WalkAroundModule, to success: true, with reason: undefined"]
[4-8-2023 12:27:33:92 PM] [AntiAFK!]["[INFO] Completed AntiAFK module: LookAroundModule, to success: true, with reason: undefined"]
[4-8-2023 12:27:41:99 PM] [AntiAFK!]["[INFO] Completed AntiAFK module: BlockBreakModule, to success: false, with reason: failed to pathfind to block."]
[4-8-2023 12:27:42:14 PM] [AntiAFK!]["[INFO] Completed AntiAFK module: LookAroundModule, to success: true, with reason: undefined"]
[4-8-2023 12:27:50:84 PM] [AntiAFK!]["[INFO] Completed AntiAFK module: BlockBreakModule, to success: false, with reason: failed to pathfind to block."]
[4-8-2023 12:27:50:84 PM] [AntiAFK!]["[INFO] Completed AntiAFK module: ChatBotModule, to success: true, with reason: undefined"]
[4-8-2023 12:27:56:91 PM] [AntiAFK!]["[INFO] Completed AntiAFK module: WalkAroundModule, to success: true, with reason: undefined"]
[4-8-2023 12:28:05:11 PM] [AntiAFK!]["[INFO] Completed AntiAFK module: BlockBreakModule, to success: false, with reason: failed to pathfind to block."]
[4-8-2023 12:28:05:11 PM] [AntiAFK!]["[INFO] Completed AntiAFK module: ChatBotModule, to success: true, with reason: undefined"]
[4-8-2023 12:28:05:41 PM] [AntiAFK!]["[INFO] Completed AntiAFK module: LookAroundModule, to success: true, with reason: undefined"]
[4-8-2023 12:28:09:67 PM] [AntiAFK!]["[INFO] Completed AntiAFK module: WalkAroundModule, to success: true, with reason: undefined"]
[4-8-2023 12:28:16:58 PM] [AntiAFK!]["[INFO] Completed AntiAFK module: BlockBreakModule, to success: false, with reason: failed to pathfind to block."]
[4-8-2023 12:28:17:48 PM] [AntiAFK!]["[INFO] Completed AntiAFK module: LookAroundModule, to success: true, with reason: undefined"]
[4-8-2023 12:28:22:49 PM] [AntiAFK!]["[INFO] Completed AntiAFK module: WalkAroundModule, to success: true, with reason: undefined"]
[4-8-2023 12:28:23:25 PM] [AntiAFK!]["[INFO] Completed AntiAFK module: ChatBotModule, to success: true, with reason: undefined"]
[4-8-2023 12:28:23:25 PM] [AntiAFK!]["[INFO] Completed AntiAFK module: LookAroundModule, to success: true, with reason: undefined"]
[4-8-2023 12:28:28:52 PM] [AntiAFK!]["[INFO] Completed AntiAFK module: ChatBotModule, to success: true, with reason: undefined"]
[4-8-2023 12:28:28:52 PM] [AntiAFK!]["[INFO] Completed AntiAFK module: WalkAroundModule, to success: true, with reason: undefined"]
[4-8-2023 12:28:28:77 PM] [AntiAFK!]["[INFO] Completed AntiAFK module: LookAroundModule, to success: true, with reason: undefined"]
[4-8-2023 12:28:33:56 PM] [AntiAFK!]["[INFO] Completed AntiAFK module: WalkAroundModule, to success: true, with reason: undefined"]
[4-8-2023 12:28:40:41 PM] [AntiAFK!]["[INFO] Completed AntiAFK module: BlockBreakModule, to success: false, with reason: failed to pathfind to block."]
[4-8-2023 12:28:41:16 PM] [AntiAFK!]["[INFO] Completed AntiAFK module: LookAroundModule, to success: true, with reason: undefined"]
[4-8-2023 12:28:44:37 PM] [AntiAFK!]["[INFO] Completed AntiAFK module: WalkAroundModule, to success: true, with reason: undefined"]
[4-8-2023 12:28:51:17 PM] [AntiAFK!]["[INFO] Completed AntiAFK module: ChatBotModule, to success: true, with reason: undefined"]
[4-8-2023 12:28:51:17 PM] [AntiAFK!]["[INFO] Completed AntiAFK module: BlockBreakModule, to success: false, with reason: failed to pathfind to block."]
[4-8-2023 12:28:57:10 PM] [AntiAFK!]["[INFO] Completed AntiAFK module: WalkAroundModule, to success: true, with reason: undefined"]
[4-8-2023 12:29:05:25 PM] [AntiAFK!]["[INFO] Completed AntiAFK module: BlockBreakModule, to success: false, with reason: failed to pathfind to block."]
[4-8-2023 12:29:11:46 PM] [AntiAFK!]["[INFO] Completed AntiAFK module: ChatBotModule, to success: true, with reason: undefined"]
[4-8-2023 12:29:11:46 PM] [AntiAFK!]["[INFO] Completed AntiAFK module: WalkAroundModule, to success: true, with reason: undefined"]
[4-8-2023 12:29:12:16 PM] [AntiAFK!]["[INFO] Completed AntiAFK module: LookAroundModule, to success: true, with reason: undefined"]
[4-8-2023 12:29:20:36 PM] [AntiAFK!]["[INFO] Completed AntiAFK module: BlockBreakModule, to success: false, with reason: failed to pathfind to block."]
[4-8-2023 12:29:26:18 PM] [AntiAFK!]["[INFO] Completed AntiAFK module: WalkAroundModule, to success: true, with reason: undefined"]
[4-8-2023 12:29:26:18 PM] [AntiAFK!]["[INFO] Completed AntiAFK module: ChatBotModule, to success: true, with reason: undefined"]
[4-8-2023 12:29:31:84 PM] [AntiAFK!]["[INFO] Completed AntiAFK module: WalkAroundModule, to success: true, with reason: undefined"]
[4-8-2023 12:29:38:99 PM] [AntiAFK!]["[INFO] Completed AntiAFK module: BlockBreakModule, to success: false, with reason: failed to pathfind to block."]
[4-8-2023 12:29:44:35 PM] [AntiAFK!]["[INFO] Completed AntiAFK module: WalkAroundModule, to success: true, with reason: undefined"]
[4-8-2023 12:29:44:35 PM] [AntiAFK!]["[INFO] Completed AntiAFK module: ChatBotModule, to success: true, with reason: undefined"]
[4-8-2023 12:29:51:30 PM] [AntiAFK!]["[INFO] Completed AntiAFK module: BlockBreakModule, to success: false, with reason: failed to pathfind to block."]
[4-8-2023 12:29:51:30 PM] [AntiAFK!]["[INFO] Completed AntiAFK module: ChatBotModule, to success: true, with reason: undefined"]
[4-8-2023 12:29:51:35 PM] [AntiAFK!]["[INFO] Completed AntiAFK module: LookAroundModule, to success: true, with reason: undefined"]
[4-8-2023 12:29:51:35 PM] [AntiAFK!]["[INFO] Completed AntiAFK module: ChatBotModule, to success: true, with reason: undefined"]
[4-8-2023 12:29:52:20 PM] [AntiAFK!]["[INFO] Completed AntiAFK module: LookAroundModule, to success: true, with reason: undefined"]
[4-8-2023 12:29:52:20 PM] [AntiAFK!]["[INFO] Completed AntiAFK module: ChatBotModule, to success: true, with reason: undefined"]
[4-8-2023 12:29:57:16 PM] [AntiAFK!]["[INFO] Completed AntiAFK module: WalkAroundModule, to success: true, with reason: undefined"]
[4-8-2023 12:29:58:11 PM] [AntiAFK!]["[INFO] Completed AntiAFK module: LookAroundModule, to success: true, with reason: undefined"]
[4-8-2023 12:30:06:31 PM] [AntiAFK!]["[INFO] Completed AntiAFK module: BlockBreakModule, to success: false, with reason: failed to pathfind to block."]
[4-8-2023 12:30:06:91 PM] [AntiAFK!]["[INFO] Completed AntiAFK module: LookAroundModule, to success: true, with reason: undefined"]
[4-8-2023 12:30:11:66 PM] [AntiAFK!]["[INFO] Completed AntiAFK module: WalkAroundModule, to success: true, with reason: undefined"]
[4-8-2023 12:30:18:41 PM] [AntiAFK!]["[INFO] Completed AntiAFK module: BlockBreakModule, to success: false, with reason: failed to pathfind to block."]
[4-8-2023 12:30:18:41 PM] [AntiAFK!]["[INFO] Completed AntiAFK module: ChatBotModule, to success: true, with reason: undefined"]
[4-8-2023 12:30:25:21 PM] [AntiAFK!]["[INFO] Completed AntiAFK module: BlockBreakModule, to success: false, with reason: failed to pathfind to block."]
[4-8-2023 12:30:25:21 PM] [AntiAFK!]["[INFO] Completed AntiAFK module: ChatBotModule, to success: true, with reason: undefined"]
[4-8-2023 12:30:32:01 PM] [AntiAFK!]["[INFO] Completed AntiAFK module: BlockBreakModule, to success: false, with reason: failed to pathfind to block."]
[4-8-2023 12:30:32:20 PM] [AntiAFK!]["[INFO] Completed AntiAFK module: LookAroundModule, to success: true, with reason: undefined"]
[4-8-2023 12:30:32:20 PM] [AntiAFK!]["[INFO] Completed AntiAFK module: ChatBotModule, to success: true, with reason: undefined"]
[4-8-2023 12:30:38:02 PM] [AntiAFK!]["[INFO] Completed AntiAFK module: WalkAroundModule, to success: true, with reason: undefined"]
[4-8-2023 12:30:45:88 PM] [AntiAFK!]["[INFO] Completed AntiAFK module: BlockBreakModule, to success: false, with reason: failed to pathfind to block."]
[4-8-2023 12:30:52:77 PM] [AntiAFK!]["[INFO] Completed AntiAFK module: WalkAroundModule, to success: true, with reason: undefined"]
[4-8-2023 12:30:53:21 PM] [AntiAFK!]["[INFO] Completed AntiAFK module: LookAroundModule, to success: true, with reason: undefined"]
[4-8-2023 12:31:01:88 PM] [AntiAFK!]["[INFO] Completed AntiAFK module: BlockBreakModule, to success: false, with reason: failed to pathfind to block."]
[4-8-2023 12:31:07:25 PM] [AntiAFK!]["[INFO] Completed AntiAFK module: WalkAroundModule, to success: true, with reason: undefined"]
[4-8-2023 12:31:07:74 PM] [AntiAFK!]["[INFO] Completed AntiAFK module: LookAroundModule, to success: true, with reason: undefined"]
[4-8-2023 12:31:14:55 PM] [AntiAFK!]["[INFO] Completed AntiAFK module: BlockBreakModule, to success: false, with reason: failed to pathfind to block."]
[4-8-2023 12:31:14:65 PM] [AntiAFK!]["[INFO] Completed AntiAFK module: LookAroundModule, to success: true, with reason: undefined"]
[4-8-2023 12:31:21:51 PM] [AntiAFK!]["[INFO] Completed AntiAFK module: ChatBotModule, to success: true, with reason: undefined"]
[4-8-2023 12:31:21:51 PM] [AntiAFK!]["[INFO] Completed AntiAFK module: BlockBreakModule, to success: false, with reason: failed to pathfind to block."]
[4-8-2023 12:31:21:65 PM] [AntiAFK!]["[INFO] Completed AntiAFK module: ChatBotModule, to success: true, with reason: undefined"]
[4-8-2023 12:31:21:65 PM] [AntiAFK!]["[INFO] Completed AntiAFK module: LookAroundModule, to success: true, with reason: undefined"]
[4-8-2023 12:31:28:45 PM] [AntiAFK!]["[INFO] Completed AntiAFK module: BlockBreakModule, to success: false, with reason: failed to pathfind to block."]
[4-8-2023 12:31:29:10 PM] [AntiAFK!]["[INFO] Completed AntiAFK module: LookAroundModule, to success: true, with reason: undefined"]
[4-8-2023 12:31:36:01 PM] [AntiAFK!]["[INFO] Completed AntiAFK module: BlockBreakModule, to success: false, with reason: failed to pathfind to block."]
[4-8-2023 12:31:36:51 PM] [AntiAFK!]["[INFO] Completed AntiAFK module: LookAroundModule, to success: true, with reason: undefined"]
[4-8-2023 12:31:36:51 PM] [AntiAFK!]["[INFO] Completed AntiAFK module: ChatBotModule, to success: true, with reason: undefined"]
[4-8-2023 12:31:36:76 PM] [AntiAFK!]["[INFO] Completed AntiAFK module: LookAroundModule, to success: true, with reason: undefined"]
[4-8-2023 12:31:41:84 PM] [AntiAFK!]["[INFO] Completed AntiAFK module: WalkAroundModule, to success: true, with reason: undefined"]
[4-8-2023 12:31:41:84 PM] [AntiAFK!]["[INFO] Completed AntiAFK module: ChatBotModule, to success: true, with reason: undefined"]
[4-8-2023 12:31:49:51 PM] [AntiAFK!]["[INFO] Completed AntiAFK module: BlockBreakModule, to success: false, with reason: failed to pathfind to block."]
[4-8-2023 12:31:49:56 PM] [AntiAFK!]["[INFO] Completed AntiAFK module: ChatBotModule, to success: true, with reason: undefined"]
[4-8-2023 12:31:49:56 PM] [AntiAFK!]["[INFO] Completed AntiAFK module: LookAroundModule, to success: true, with reason: undefined"]
[4-8-2023 12:31:54:46 PM] [AntiAFK!]["[INFO] Completed AntiAFK module: WalkAroundModule, to success: true, with reason: undefined"]
[4-8-2023 12:31:55:26 PM] [AntiAFK!]["[INFO] Completed AntiAFK module: ChatBotModule, to success: true, with reason: undefined"]
[4-8-2023 12:31:55:26 PM] [AntiAFK!]["[INFO] Completed AntiAFK module: LookAroundModule, to success: true, with reason: undefined"]
[4-8-2023 12:32:02:01 PM] [AntiAFK!]["[INFO] Completed AntiAFK module: BlockBreakModule, to success: false, with reason: failed to pathfind to block."]
[4-8-2023 12:32:03:80 PM] [AntiAFK!]["[INFO] Completed AntiAFK module: WalkAroundModule, to success: true, with reason: undefined"]
[4-8-2023 12:32:04:35 PM] [AntiAFK!]["[INFO] Completed AntiAFK module: LookAroundModule, to success: true, with reason: undefined"]
[4-8-2023 12:32:09:52 PM] [AntiAFK!]["[INFO] Completed AntiAFK module: WalkAroundModule, to success: true, with reason: undefined"]
[4-8-2023 12:32:09:92 PM] [AntiAFK!]["[INFO] Completed AntiAFK module: ChatBotModule, to success: true, with reason: undefined"]
[4-8-2023 12:32:09:92 PM] [AntiAFK!]["[INFO] Completed AntiAFK module: LookAroundModule, to success: true, with reason: undefined"]
[4-8-2023 12:32:18:07 PM] [AntiAFK!]["[INFO] Completed AntiAFK module: BlockBreakModule, to success: false, with reason: failed to pathfind to block."]
[4-8-2023 12:32:18:27 PM] [AntiAFK!]["[INFO] Completed AntiAFK module: LookAroundModule, to success: true, with reason: undefined"]
[4-8-2023 12:32:23:97 PM] [AntiAFK!]["[INFO] Completed AntiAFK module: WalkAroundModule, to success: true, with reason: undefined"]
[4-8-2023 12:32:23:97 PM] [AntiAFK!]["[INFO] Completed AntiAFK module: ChatBotModule, to success: true, with reason: undefined"]
[4-8-2023 12:32:24:52 PM] [AntiAFK!]["[INFO] Completed AntiAFK module: LookAroundModule, to success: true, with reason: undefined"]
[4-8-2023 12:32:30:41 PM] [AntiAFK!]["[INFO] Completed AntiAFK module: WalkAroundModule, to success: true, with reason: undefined"]
[4-8-2023 12:32:37:31 PM] [AntiAFK!]["[INFO] Completed AntiAFK module: BlockBreakModule, to success: false, with reason: failed to pathfind to block."]
[4-8-2023 12:32:38:30 PM] [AntiAFK!]["[INFO] Completed AntiAFK module: ChatBotModule, to success: true, with reason: undefined"]
[4-8-2023 12:32:38:30 PM] [AntiAFK!]["[INFO] Completed AntiAFK module: LookAroundModule, to success: true, with reason: undefined"]
[4-8-2023 12:32:45:56 PM] [AntiAFK!]["[INFO] Completed AntiAFK module: BlockBreakModule, to success: false, with reason: failed to pathfind to block."]
[4-8-2023 12:32:45:64 PM] [AntiAFK!]["[INFO] Completed AntiAFK module: LookAroundModule, to success: true, with reason: undefined"]
[4-8-2023 12:32:52:50 PM] [AntiAFK!]["[INFO] Completed AntiAFK module: BlockBreakModule, to success: false, with reason: failed to pathfind to block."]
[4-8-2023 12:32:53:06 PM] [AntiAFK!]["[INFO] Completed AntiAFK module: LookAroundModule, to success: true, with reason: undefined"]
[4-8-2023 12:32:59:81 PM] [AntiAFK!]["[INFO] Completed AntiAFK module: BlockBreakModule, to success: false, with reason: failed to pathfind to block."]
[4-8-2023 12:33:02:81 PM] [AntiAFK!]["[INFO] Completed AntiAFK module: WalkAroundModule, to success: true, with reason: undefined"]
[4-8-2023 12:33:02:81 PM] [AntiAFK!]["[INFO] Completed AntiAFK module: ChatBotModule, to success: true, with reason: undefined"]
[4-8-2023 12:33:03:11 PM] [AntiAFK!]["[INFO] Completed AntiAFK module: LookAroundModule, to success: true, with reason: undefined"]
[4-8-2023 12:33:03:11 PM] [AntiAFK!]["[INFO] Completed AntiAFK module: ChatBotModule, to success: true, with reason: undefined"]
[4-8-2023 12:33:10:21 PM] [AntiAFK!]["[INFO] Completed AntiAFK module: BlockBreakModule, to success: false, with reason: failed to pathfind to block."]
[4-8-2023 12:33:16:28 PM] [AntiAFK!]["[INFO] Completed AntiAFK module: ChatBotModule, to success: true, with reason: undefined"]
[4-8-2023 12:33:16:28 PM] [AntiAFK!]["[INFO] Completed AntiAFK module: WalkAroundModule, to success: true, with reason: undefined"]
[4-8-2023 12:33:22:68 PM] [AntiAFK!]["[INFO] Completed AntiAFK module: WalkAroundModule, to success: true, with reason: undefined"]
[4-8-2023 12:33:23:18 PM] [AntiAFK!]["[INFO] Completed AntiAFK module: LookAroundModule, to success: true, with reason: undefined"]
[4-8-2023 12:33:27:84 PM] [AntiAFK!]["[INFO] Completed AntiAFK module: WalkAroundModule, to success: true, with reason: undefined"]
[4-8-2023 12:33:34:51 PM] [AntiAFK!]["[INFO] Completed AntiAFK module: ChatBotModule, to success: true, with reason: undefined"]
[4-8-2023 12:33:34:50 PM] [AntiAFK!]["[INFO] Completed AntiAFK module: BlockBreakModule, to success: false, with reason: failed to pathfind to block."]
[4-8-2023 12:33:41:36 PM] [AntiAFK!]["[INFO] Completed AntiAFK module: BlockBreakModule, to success: false, with reason: failed to pathfind to block."]
[4-8-2023 12:33:45:85 PM] [AntiAFK!]["[INFO] Completed AntiAFK module: WalkAroundModule, to success: true, with reason: undefined"]
[4-8-2023 12:33:52:71 PM] [AntiAFK!]["[INFO] Completed AntiAFK module: BlockBreakModule, to success: false, with reason: failed to pathfind to block."]
[4-8-2023 12:33:57:32 PM] [AntiAFK!]["[INFO] Completed AntiAFK module: WalkAroundModule, to success: true, with reason: undefined"]
[4-8-2023 12:34:06:96 PM] [AntiAFK!]["[INFO] Completed AntiAFK module: BlockBreakModule, to success: false, with reason: failed to pathfind to block."]
[4-8-2023 12:34:06:96 PM] [AntiAFK!]["[INFO] Completed AntiAFK module: ChatBotModule, to success: true, with reason: undefined"]
[4-8-2023 12:34:12:37 PM] [AntiAFK!]["[INFO] Completed AntiAFK module: WalkAroundModule, to success: true, with reason: undefined"]
[4-8-2023 12:34:19:27 PM] [AntiAFK!]["[INFO] Completed AntiAFK module: BlockBreakModule, to success: false, with reason: failed to pathfind to block."]
[4-8-2023 12:34:19:33 PM] [AntiAFK!]["[INFO] Completed AntiAFK module: LookAroundModule, to success: true, with reason: undefined"]
[4-8-2023 12:34:26:49 PM] [AntiAFK!]["[INFO] Completed AntiAFK module: BlockBreakModule, to success: false, with reason: failed to pathfind to block."]
[4-8-2023 12:34:30:89 PM] [AntiAFK!]["[INFO] Completed AntiAFK module: WalkAroundModule, to success: true, with reason: undefined"]
[4-8-2023 12:34:30:89 PM] [AntiAFK!]["[INFO] Completed AntiAFK module: ChatBotModule, to success: true, with reason: undefined"]
[4-8-2023 12:34:34:69 PM] [AntiAFK!]["[INFO] Completed AntiAFK module: WalkAroundModule, to success: true, with reason: undefined"]
[4-8-2023 12:34:34:69 PM] [AntiAFK!]["[INFO] Completed AntiAFK module: ChatBotModule, to success: true, with reason: undefined"]
[4-8-2023 12:34:35:44 PM] [AntiAFK!]["[INFO] Completed AntiAFK module: LookAroundModule, to success: true, with reason: undefined"]
[4-8-2023 12:34:43:35 PM] [AntiAFK!]["[INFO] Completed AntiAFK module: BlockBreakModule, to success: false, with reason: failed to pathfind to block."]
[4-8-2023 12:34:43:80 PM] [AntiAFK!]["[INFO] Completed AntiAFK module: LookAroundModule, to success: true, with reason: undefined"]
[4-8-2023 12:34:49:31 PM] [AntiAFK!]["[INFO] Completed AntiAFK module: ChatBotModule, to success: true, with reason: undefined"]
[4-8-2023 12:34:49:31 PM] [AntiAFK!]["[INFO] Completed AntiAFK module: WalkAroundModule, to success: true, with reason: undefined"]
[4-8-2023 12:34:49:36 PM] [AntiAFK!]["[INFO] Completed AntiAFK module: LookAroundModule, to success: true, with reason: undefined"]
[4-8-2023 12:34:49:36 PM] [AntiAFK!]["[INFO] Completed AntiAFK module: ChatBotModule, to success: true, with reason: undefined"]
[4-8-2023 12:34:49:96 PM] [AntiAFK!]["[INFO] Completed AntiAFK module: LookAroundModule, to success: true, with reason: undefined"]
[4-8-2023 12:34:55:22 PM] [AntiAFK!]["[INFO] Completed AntiAFK module: WalkAroundModule, to success: true, with reason: undefined"]
[4-8-2023 12:34:55:92 PM] [AntiAFK!]["[INFO] Completed AntiAFK module: ChatBotModule, to success: true, with reason: undefined"]
[4-8-2023 12:34:55:92 PM] [AntiAFK!]["[INFO] Completed AntiAFK module: LookAroundModule, to success: true, with reason: undefined"]
[4-8-2023 12:35:03:08 PM] [AntiAFK!]["[INFO] Completed AntiAFK module: ChatBotModule, to success: true, with reason: undefined"]
[4-8-2023 12:35:03:08 PM] [AntiAFK!]["[INFO] Completed AntiAFK module: BlockBreakModule, to success: false, with reason: failed to pathfind to block."]
[4-8-2023 12:35:03:24 PM] [AntiAFK!]["[INFO] Completed AntiAFK module: LookAroundModule, to success: true, with reason: undefined"]
[4-8-2023 12:35:08:04 PM] [AntiAFK!]["[INFO] Completed AntiAFK module: WalkAroundModule, to success: true, with reason: undefined"]
[4-8-2023 12:35:14:90 PM] [AntiAFK!]["[INFO] Completed AntiAFK module: BlockBreakModule, to success: false, with reason: failed to pathfind to block."]
[4-8-2023 12:35:15:35 PM] [AntiAFK!]["[INFO] Completed AntiAFK module: LookAroundModule, to success: true, with reason: undefined"]
[4-8-2023 12:35:15:35 PM] [AntiAFK!]["[INFO] Completed AntiAFK module: ChatBotModule, to success: true, with reason: undefined"]
[4-8-2023 12:35:22:21 PM] [AntiAFK!]["[INFO] Completed AntiAFK module: BlockBreakModule, to success: false, with reason: failed to pathfind to block."]
[4-8-2023 12:35:26:57 PM] [AntiAFK!]["[INFO] Completed AntiAFK module: WalkAroundModule, to success: true, with reason: undefined"]
[4-8-2023 12:35:27:06 PM] [AntiAFK!]["[INFO] Completed AntiAFK module: LookAroundModule, to success: true, with reason: undefined"]
[4-8-2023 12:35:33:18 PM] [AntiAFK!]["[INFO] Completed AntiAFK module: ChatBotModule, to success: true, with reason: undefined"]
[4-8-2023 12:35:33:18 PM] [AntiAFK!]["[INFO] Completed AntiAFK module: WalkAroundModule, to success: true, with reason: undefined"]
[4-8-2023 12:35:40:24 PM] [AntiAFK!]["[INFO] Completed AntiAFK module: BlockBreakModule, to success: false, with reason: failed to pathfind to block."]
[4-8-2023 12:35:41:14 PM] [AntiAFK!]["[INFO] Completed AntiAFK module: ChatBotModule, to success: true, with reason: undefined"]
[4-8-2023 12:35:41:14 PM] [AntiAFK!]["[INFO] Completed AntiAFK module: LookAroundModule, to success: true, with reason: undefined"]
[4-8-2023 12:35:49:06 PM] [AntiAFK!]["[INFO] Completed AntiAFK module: BlockBreakModule, to success: false, with reason: failed to pathfind to block."]
[4-8-2023 12:35:49:06 PM] [AntiAFK!]["[INFO] Completed AntiAFK module: ChatBotModule, to success: true, with reason: undefined"]
[4-8-2023 12:35:49:65 PM] [AntiAFK!]["[INFO] Completed AntiAFK module: LookAroundModule, to success: true, with reason: undefined"]
[4-8-2023 12:35:49:65 PM] [AntiAFK!]["[INFO] Completed AntiAFK module: ChatBotModule, to success: true, with reason: undefined"]
[4-8-2023 12:35:55:85 PM] [AntiAFK!]["[INFO] Completed AntiAFK module: WalkAroundModule, to success: true, with reason: undefined"]
[4-8-2023 12:35:58:09 PM] [AntiAFK!]["[INFO] Completed AntiAFK module: BlockBreakModule, to success: false, with reason: failed to pathfind to block."]
[4-8-2023 12:35:58:14 PM] [AntiAFK!]["[INFO] Completed AntiAFK module: LookAroundModule, to success: true, with reason: undefined"]
[4-8-2023 12:36:03:23 PM] [AntiAFK!]["[INFO] Completed AntiAFK module: WalkAroundModule, to success: true, with reason: undefined"]
[4-8-2023 12:36:04:02 PM] [AntiAFK!]["[INFO] Completed AntiAFK module: LookAroundModule, to success: true, with reason: undefined"]
[4-8-2023 12:36:04:02 PM] [AntiAFK!]["[INFO] Completed AntiAFK module: ChatBotModule, to success: true, with reason: undefined"]
[4-8-2023 12:36:10:83 PM] [AntiAFK!]["[INFO] Completed AntiAFK module: ChatBotModule, to success: true, with reason: undefined"]
[4-8-2023 12:36:10:83 PM] [AntiAFK!]["[INFO] Completed AntiAFK module: BlockBreakModule, to success: false, with reason: failed to pathfind to block."]
[4-8-2023 12:36:17:94 PM] [AntiAFK!]["[INFO] Completed AntiAFK module: BlockBreakModule, to success: false, with reason: failed to pathfind to block."]
[4-8-2023 12:36:18:45 PM] [AntiAFK!]["[INFO] Completed AntiAFK module: LookAroundModule, to success: true, with reason: undefined"]
[4-8-2023 12:36:25:30 PM] [AntiAFK!]["[INFO] Completed AntiAFK module: BlockBreakModule, to success: false, with reason: failed to pathfind to block."]
[4-8-2023 12:36:25:60 PM] [AntiAFK!]["[INFO] Completed AntiAFK module: LookAroundModule, to success: true, with reason: undefined"]
[4-8-2023 12:36:29:90 PM] [AntiAFK!]["[INFO] Completed AntiAFK module: WalkAroundModule, to success: true, with reason: undefined"]
[4-8-2023 12:36:31:95 PM] [AntiAFK!]["[INFO] Completed AntiAFK module: ChatBotModule, to success: true, with reason: undefined"]
[4-8-2023 12:36:31:95 PM] [AntiAFK!]["[INFO] Completed AntiAFK module: BlockBreakModule, to success: false, with reason: failed to pathfind to block."]
[4-8-2023 12:36:39:00 PM] [AntiAFK!]["[INFO] Completed AntiAFK module: BlockBreakModule, to success: false, with reason: failed to pathfind to block."]
[4-8-2023 12:36:43:94 PM] [AntiAFK!]["[INFO] Completed AntiAFK module: WalkAroundModule, to success: true, with reason: undefined"]
[4-8-2023 12:36:50:80 PM] [AntiAFK!]["[INFO] Completed AntiAFK module: BlockBreakModule, to success: false, with reason: failed to pathfind to block."]
[4-8-2023 12:36:51:76 PM] [AntiAFK!]["[INFO] Completed AntiAFK module: LookAroundModule, to success: true, with reason: undefined"]
[4-8-2023 12:36:51:76 PM] [AntiAFK!]["[INFO] Completed AntiAFK module: ChatBotModule, to success: true, with reason: undefined"]
[4-8-2023 12:36:59:75 PM] [AntiAFK!]["[INFO] Completed AntiAFK module: BlockBreakModule, to success: false, with reason: failed to pathfind to block."]
[4-8-2023 12:37:00:80 PM] [AntiAFK!]["[INFO] Completed AntiAFK module: LookAroundModule, to success: true, with reason: undefined"]
[4-8-2023 12:37:06:66 PM] [AntiAFK!]["[INFO] Completed AntiAFK module: WalkAroundModule, to success: true, with reason: undefined"]
[4-8-2023 12:37:13:81 PM] [AntiAFK!]["[INFO] Completed AntiAFK module: BlockBreakModule, to success: false, with reason: failed to pathfind to block."]
[4-8-2023 12:37:14:85 PM] [AntiAFK!]["[INFO] Completed AntiAFK module: ChatBotModule, to success: true, with reason: undefined"]
[4-8-2023 12:37:14:85 PM] [AntiAFK!]["[INFO] Completed AntiAFK module: LookAroundModule, to success: true, with reason: undefined"]
[4-8-2023 12:37:15:25 PM] [AntiAFK!]["[INFO] Completed AntiAFK module: LookAroundModule, to success: true, with reason: undefined"]
[4-8-2023 12:37:20:55 PM] [AntiAFK!]["[INFO] Completed AntiAFK module: WalkAroundModule, to success: true, with reason: undefined"]
[4-8-2023 12:37:27:51 PM] [AntiAFK!]["[INFO] Completed AntiAFK module: ChatBotModule, to success: true, with reason: undefined"]
[4-8-2023 12:37:27:51 PM] [AntiAFK!]["[INFO] Completed AntiAFK module: BlockBreakModule, to success: false, with reason: failed to pathfind to block."]
[4-8-2023 12:37:32:86 PM] [AntiAFK!]["[INFO] Completed AntiAFK module: WalkAroundModule, to success: true, with reason: undefined"]
[4-8-2023 12:37:33:61 PM] [AntiAFK!]["[INFO] Completed AntiAFK module: LookAroundModule, to success: true, with reason: undefined"]
[4-8-2023 12:37:40:41 PM] [AntiAFK!]["[INFO] Completed AntiAFK module: BlockBreakModule, to success: false, with reason: failed to pathfind to block."]
[4-8-2023 12:37:40:41 PM] [AntiAFK!]["[INFO] Completed AntiAFK module: ChatBotModule, to success: true, with reason: undefined"]
[4-8-2023 12:37:46:11 PM] [AntiAFK!]["[INFO] Completed AntiAFK module: WalkAroundModule, to success: true, with reason: undefined"]
[4-8-2023 12:37:54:16 PM] [AntiAFK!]["[INFO] Completed AntiAFK module: BlockBreakModule, to success: false, with reason: failed to pathfind to block."]
[4-8-2023 12:37:54:91 PM] [AntiAFK!]["[INFO] Completed AntiAFK module: LookAroundModule, to success: true, with reason: undefined"]
[4-8-2023 12:37:54:91 PM] [AntiAFK!]["[INFO] Completed AntiAFK module: ChatBotModule, to success: true, with reason: undefined"]
[4-8-2023 12:38:01:71 PM] [AntiAFK!]["[INFO] Completed AntiAFK module: BlockBreakModule, to success: false, with reason: failed to pathfind to block."]
[4-8-2023 12:38:02:71 PM] [AntiAFK!]["[INFO] Completed AntiAFK module: LookAroundModule, to success: true, with reason: undefined"]
[4-8-2023 12:38:09:60 PM] [AntiAFK!]["[INFO] Completed AntiAFK module: BlockBreakModule, to success: false, with reason: failed to pathfind to block."]
[4-8-2023 12:38:15:15 PM] [AntiAFK!]["[INFO] Completed AntiAFK module: ChatBotModule, to success: true, with reason: undefined"]
[4-8-2023 12:38:15:15 PM] [AntiAFK!]["[INFO] Completed AntiAFK module: WalkAroundModule, to success: true, with reason: undefined"]
[4-8-2023 12:38:19:40 PM] [AntiAFK!]["[INFO] Completed AntiAFK module: WalkAroundModule, to success: true, with reason: undefined"]
[4-8-2023 12:38:20:40 PM] [AntiAFK!]["[INFO] Completed AntiAFK module: LookAroundModule, to success: true, with reason: undefined"]
[4-8-2023 12:38:25:31 PM] [AntiAFK!]["[INFO] Completed AntiAFK module: WalkAroundModule, to success: true, with reason: undefined"]
[4-8-2023 12:38:32:26 PM] [AntiAFK!]["[INFO] Completed AntiAFK module: BlockBreakModule, to success: false, with reason: failed to pathfind to block."]
[4-8-2023 12:38:37:95 PM] [AntiAFK!]["[INFO] Completed AntiAFK module: WalkAroundModule, to success: true, with reason: undefined"]
[4-8-2023 12:38:38:95 PM] [AntiAFK!]["[INFO] Completed AntiAFK module: LookAroundModule, to success: true, with reason: undefined"]
[4-8-2023 12:38:44:71 PM] [AntiAFK!]["[INFO] Completed AntiAFK module: WalkAroundModule, to success: true, with reason: undefined"]
[4-8-2023 12:38:51:50 PM] [AntiAFK!]["[INFO] Completed AntiAFK module: BlockBreakModule, to success: false, with reason: failed to pathfind to block."]
[4-8-2023 12:38:51:50 PM] [AntiAFK!]["[INFO] Completed AntiAFK module: ChatBotModule, to success: true, with reason: undefined"]
[4-8-2023 12:38:55:33 PM] [AntiAFK!]["[INFO] Completed AntiAFK module: ChatBotModule, to success: true, with reason: undefined"]
[4-8-2023 12:38:55:33 PM] [AntiAFK!]["[INFO] Completed AntiAFK module: WalkAroundModule, to success: true, with reason: undefined"]
[4-8-2023 12:38:59:53 PM] [AntiAFK!]["[INFO] Completed AntiAFK module: WalkAroundModule, to success: true, with reason: undefined"]
[4-8-2023 12:39:01:42 PM] [AntiAFK!]["[INFO] Completed AntiAFK module: BlockBreakModule, to success: false, with reason: failed to pathfind to block."]
[4-8-2023 12:39:02:02 PM] [AntiAFK!]["[INFO] Completed AntiAFK module: LookAroundModule, to success: true, with reason: undefined"]
[4-8-2023 12:39:02:02 PM] [AntiAFK!]["[INFO] Completed AntiAFK module: ChatBotModule, to success: true, with reason: undefined"]
[4-8-2023 12:39:02:62 PM] [AntiAFK!]["[INFO] Completed AntiAFK module: LookAroundModule, to success: true, with reason: undefined"]
[4-8-2023 12:39:09:40 PM] [AntiAFK!]["[INFO] Completed AntiAFK module: BlockBreakModule, to success: false, with reason: failed to pathfind to block."]
[4-8-2023 12:39:15:55 PM] [AntiAFK!]["[INFO] Completed AntiAFK module: WalkAroundModule, to success: true, with reason: undefined"]
[4-8-2023 12:39:15:55 PM] [AntiAFK!]["[INFO] Completed AntiAFK module: ChatBotModule, to success: true, with reason: undefined"]
[4-8-2023 12:39:22:85 PM] [AntiAFK!]["[INFO] Completed AntiAFK module: BlockBreakModule, to success: false, with reason: failed to pathfind to block."]
[4-8-2023 12:39:22:85 PM] [AntiAFK!]["[INFO] Completed AntiAFK module: ChatBotModule, to success: true, with reason: undefined"]
[4-8-2023 12:39:30:78 PM] [AntiAFK!]["[INFO] Completed AntiAFK module: BlockBreakModule, to success: false, with reason: failed to pathfind to block."]
[4-8-2023 12:39:36:80 PM] [AntiAFK!]["[INFO] Completed AntiAFK module: WalkAroundModule, to success: true, with reason: undefined"]
[4-8-2023 12:39:36:95 PM] [AntiAFK!]["[INFO] Completed AntiAFK module: LookAroundModule, to success: true, with reason: undefined"]
[4-8-2023 12:39:44:06 PM] [AntiAFK!]["[INFO] Completed AntiAFK module: BlockBreakModule, to success: false, with reason: failed to pathfind to block."]
[4-8-2023 12:39:45:00 PM] [AntiAFK!]["[INFO] Completed AntiAFK module: LookAroundModule, to success: true, with reason: undefined"]
[4-8-2023 12:39:51:76 PM] [AntiAFK!]["[INFO] Completed AntiAFK module: BlockBreakModule, to success: false, with reason: failed to pathfind to block."]
[4-8-2023 12:39:52:16 PM] [AntiAFK!]["[INFO] Completed AntiAFK module: LookAroundModule, to success: true, with reason: undefined"]
[4-8-2023 12:39:58:71 PM] [AntiAFK!]["[INFO] Completed AntiAFK module: BlockBreakModule, to success: false, with reason: failed to pathfind to block."]
[4-8-2023 12:40:07:88 PM] [AntiAFK!]["[INFO] Completed AntiAFK module: WalkAroundModule, to success: true, with reason: undefined"]
[4-8-2023 12:40:14:98 PM] [AntiAFK!]["[INFO] Completed AntiAFK module: BlockBreakModule, to success: false, with reason: failed to pathfind to block."]
[4-8-2023 12:40:19:54 PM] [AntiAFK!]["[INFO] Completed AntiAFK module: WalkAroundModule, to success: true, with reason: undefined"]
[4-8-2023 12:40:20:13 PM] [AntiAFK!]["[INFO] Completed AntiAFK module: BlockBreakModule, to success: true, with reason: undefined"]
[4-8-2023 12:40:25:70 PM] [AntiAFK!]["[INFO] Completed AntiAFK module: WalkAroundModule, to success: true, with reason: undefined"]
[4-8-2023 12:40:25:70 PM] [AntiAFK!]["[INFO] Completed AntiAFK module: ChatBotModule, to success: true, with reason: undefined"]
[4-8-2023 12:40:26:60 PM] [AntiAFK!]["[INFO] Completed AntiAFK module: LookAroundModule, to success: true, with reason: undefined"]
[4-8-2023 12:40:35:56 PM] [AntiAFK!]["[INFO] Completed AntiAFK module: ChatBotModule, to success: true, with reason: undefined"]
[4-8-2023 12:40:35:56 PM] [AntiAFK!]["[INFO] Completed AntiAFK module: BlockBreakModule, to success: false, with reason: failed to pathfind to block."]
[4-8-2023 12:40:44:21 PM] [AntiAFK!]["[INFO] Completed AntiAFK module: BlockBreakModule, to success: false, with reason: failed to pathfind to block."]
[4-8-2023 12:40:44:80 PM] [AntiAFK!]["[INFO] Completed AntiAFK module: ChatBotModule, to success: true, with reason: undefined"]
[4-8-2023 12:40:44:80 PM] [AntiAFK!]["[INFO] Completed AntiAFK module: LookAroundModule, to success: true, with reason: undefined"]
[4-8-2023 12:40:44:90 PM] [AntiAFK!]["[INFO] Completed AntiAFK module: LookAroundModule, to success: true, with reason: undefined"]
[4-8-2023 12:40:44:90 PM] [AntiAFK!]["[INFO] Completed AntiAFK module: ChatBotModule, to success: true, with reason: undefined"]
[4-8-2023 12:40:50:97 PM] [AntiAFK!]["[INFO] Completed AntiAFK module: WalkAroundModule, to success: true, with reason: undefined"]
[4-8-2023 12:41:00:72 PM] [AntiAFK!]["[ERROR] Canceled AntiAFK module: BlockBreakModule"]
[4-8-2023 12:41:00:73 PM] [AntiAFK!]["[INFO] Completed AntiAFK module: BlockBreakModule, to success: false, with reason: failed to pathfind to block."]
[4-8-2023 12:41:06:36 PM] [AntiAFK!]["[INFO] Completed AntiAFK module: WalkAroundModule, to success: true, with reason: undefined"]
[4-8-2023 12:41:06:66 PM] [AntiAFK!]["[INFO] Completed AntiAFK module: LookAroundModule, to success: true, with reason: undefined"]
[4-8-2023 12:41:11:17 PM] [AntiAFK!]["[INFO] Completed AntiAFK module: ChatBotModule, to success: true, with reason: undefined"]
[4-8-2023 12:41:13:17 PM] [AntiAFK!]["[INFO] Completed AntiAFK module: BlockBreakModule, to success: false, with reason: failed to pathfind to block."]
[4-8-2023 12:41:18:94 PM] [AntiAFK!]["[INFO] Completed AntiAFK module: ChatBotModule, to success: true, with reason: undefined"]
[4-8-2023 12:41:21:96 PM] [AntiAFK!]["[INFO] Completed AntiAFK module: WalkAroundModule, to success: true, with reason: undefined"]
[4-8-2023 12:41:26:64 PM] [AntiAFK!]["[INFO] Completed AntiAFK module: ChatBotModule, to success: true, with reason: undefined"]
[4-8-2023 12:41:28:83 PM] [AntiAFK!]["[INFO] Completed AntiAFK module: BlockBreakModule, to success: false, with reason: failed to pathfind to block."]
[4-8-2023 12:41:29:04 PM] [AntiAFK!]["[INFO] Completed AntiAFK module: LookAroundModule, to success: true, with reason: undefined"]
[4-8-2023 12:41:31:93 PM] [AntiAFK!]["[INFO] Completed AntiAFK module: BlockBreakModule, to success: false, with reason: failed to pathfind to block."]
[4-8-2023 12:41:36:73 PM] [AntiAFK!]["[INFO] Completed AntiAFK module: ChatBotModule, to success: true, with reason: undefined"]
[4-8-2023 12:41:37:45 PM] [AntiAFK!]["[INFO] Completed AntiAFK module: LookAroundModule, to success: true, with reason: undefined"]
[4-8-2023 12:41:43:12 PM] [AntiAFK!]["[INFO] Completed AntiAFK module: ChatBotModule, to success: true, with reason: undefined"]
[4-8-2023 12:41:47:68 PM] [AntiAFK!]["[INFO] Completed AntiAFK module: WalkAroundModule, to success: true, with reason: undefined"]
[4-8-2023 12:41:51:82 PM] [AntiAFK!]["[INFO] Completed AntiAFK module: ChatBotModule, to success: true, with reason: undefined"]
[4-8-2023 12:41:57:36 PM] [AntiAFK!]["[INFO] Completed AntiAFK module: WalkAroundModule, to success: true, with reason: undefined"]
[4-8-2023 12:41:59:29 PM] [AntiAFK!]["[INFO] Completed AntiAFK module: BlockBreakModule, to success: false, with reason: failed to pathfind to block."]
[4-8-2023 12:42:00:19 PM] [AntiAFK!]["[INFO] Completed AntiAFK module: LookAroundModule, to success: true, with reason: undefined"]
[4-8-2023 12:42:06:06 PM] [AntiAFK!]["[INFO] Completed AntiAFK module: ChatBotModule, to success: true, with reason: undefined"]
[4-8-2023 12:42:07:73 PM] [AntiAFK!]["[INFO] Completed AntiAFK module: BlockBreakModule, to success: false, with reason: failed to pathfind to block."]
[4-8-2023 12:42:13:88 PM] [AntiAFK!]["[INFO] Completed AntiAFK module: WalkAroundModule, to success: true, with reason: undefined"]
[4-8-2023 12:42:13:93 PM] [AntiAFK!]["[INFO] Completed AntiAFK module: LookAroundModule, to success: true, with reason: undefined"]
[4-8-2023 12:42:15:72 PM] [AntiAFK!]["[INFO] Completed AntiAFK module: BlockBreakModule, to success: false, with reason: failed to pathfind to block."]
[4-8-2023 12:42:19:86 PM] [AntiAFK!]["[INFO] Completed AntiAFK module: WalkAroundModule, to success: true, with reason: undefined"]
[4-8-2023 12:42:24:93 PM] [AntiAFK!]["[INFO] Completed AntiAFK module: ChatBotModule, to success: true, with reason: undefined"]
[4-8-2023 12:42:27:37 PM] [AntiAFK!]["[INFO] Completed AntiAFK module: BlockBreakModule, to success: false, with reason: failed to pathfind to block."]
[4-8-2023 12:42:27:58 PM] [AntiAFK!]["[INFO] Completed AntiAFK module: LookAroundModule, to success: true, with reason: undefined"]
[4-8-2023 12:42:29:83 PM] [AntiAFK!]["[INFO] Completed AntiAFK module: BlockBreakModule, to success: false, with reason: failed to pathfind to block."]
[4-8-2023 12:42:34:53 PM] [AntiAFK!]["[INFO] Completed AntiAFK module: ChatBotModule, to success: true, with reason: undefined"]
[4-8-2023 12:42:36:34 PM] [AntiAFK!]["[INFO] Completed AntiAFK module: BlockBreakModule, to success: false, with reason: failed to pathfind to block."]
[4-8-2023 12:42:37:25 PM] [AntiAFK!]["[INFO] Completed AntiAFK module: LookAroundModule, to success: true, with reason: undefined"]
[4-8-2023 12:42:39:28 PM] [AntiAFK!]["[INFO] Completed AntiAFK module: BlockBreakModule, to success: false, with reason: failed to pathfind to block."]
[4-8-2023 12:42:39:69 PM] [AntiAFK!]["[INFO] Completed AntiAFK module: LookAroundModule, to success: true, with reason: undefined"]
[4-8-2023 12:42:44:20 PM] [AntiAFK!]["[INFO] Completed AntiAFK module: WalkAroundModule, to success: true, with reason: undefined"]
[4-8-2023 12:42:45:25 PM] [AntiAFK!]["[INFO] Completed AntiAFK module: LookAroundModule, to success: true, with reason: undefined"]
[4-8-2023 12:42:49:41 PM] [AntiAFK!]["[INFO] Completed AntiAFK module: WalkAroundModule, to success: true, with reason: undefined"]
[4-8-2023 12:42:53:86 PM] [AntiAFK!]["[INFO] Completed AntiAFK module: ChatBotModule, to success: true, with reason: undefined"]
[4-8-2023 12:42:54:68 PM] [AntiAFK!]["[INFO] Completed AntiAFK module: LookAroundModule, to success: true, with reason: undefined"]
[4-8-2023 12:42:56:37 PM] [AntiAFK!]["[INFO] Completed AntiAFK module: BlockBreakModule, to success: false, with reason: failed to pathfind to block."]
[4-8-2023 12:43:02:26 PM] [AntiAFK!]["[INFO] Completed AntiAFK module: ChatBotModule, to success: true, with reason: undefined"]
[4-8-2023 12:43:04:04 PM] [AntiAFK!]["[INFO] Completed AntiAFK module: BlockBreakModule, to success: false, with reason: failed to pathfind to block."]
[4-8-2023 12:43:09:34 PM] [AntiAFK!]["[INFO] Completed AntiAFK module: ChatBotModule, to success: true, with reason: undefined"]
[4-8-2023 12:43:09:76 PM] [AntiAFK!]["[INFO] Completed AntiAFK module: LookAroundModule, to success: true, with reason: undefined"]
[4-8-2023 12:43:14:46 PM] [AntiAFK!]["[INFO] Completed AntiAFK module: ChatBotModule, to success: true, with reason: undefined"]
[4-8-2023 12:43:18:65 PM] [AntiAFK!]["[INFO] Completed AntiAFK module: WalkAroundModule, to success: true, with reason: undefined"]
[4-8-2023 12:43:20:54 PM] [AntiAFK!]["[INFO] Completed AntiAFK module: BlockBreakModule, to success: false, with reason: failed to pathfind to block."]
[4-8-2023 12:43:25:73 PM] [AntiAFK!]["[INFO] Completed AntiAFK module: WalkAroundModule, to success: true, with reason: undefined"]
[4-8-2023 12:43:30:74 PM] [AntiAFK!]["[INFO] Completed AntiAFK module: ChatBotModule, to success: true, with reason: undefined"]
[4-8-2023 12:43:31:80 PM] [AntiAFK!]["[INFO] Completed AntiAFK module: LookAroundModule, to success: true, with reason: undefined"]
[4-8-2023 12:43:35:87 PM] [AntiAFK!]["[INFO] Completed AntiAFK module: WalkAroundModule, to success: true, with reason: undefined"]
[4-8-2023 12:43:40:43 PM] [AntiAFK!]["[INFO] Completed AntiAFK module: ChatBotModule, to success: true, with reason: undefined"]
[4-8-2023 12:43:45:23 PM] [AntiAFK!]["[INFO] Completed AntiAFK module: WalkAroundModule, to success: true, with reason: undefined"]
[4-8-2023 12:43:46:93 PM] [AntiAFK!]["[INFO] Completed AntiAFK module: BlockBreakModule, to success: false, with reason: failed to pathfind to block."]
[4-8-2023 12:43:51:06 PM] [AntiAFK!]["[INFO] Completed AntiAFK module: WalkAroundModule, to success: true, with reason: undefined"]
[4-8-2023 12:43:56:80 PM] [AntiAFK!]["[INFO] Completed AntiAFK module: ChatBotModule, to success: true, with reason: undefined"]
[4-8-2023 12:44:01:14 PM] [AntiAFK!]["[INFO] Completed AntiAFK module: WalkAroundModule, to success: true, with reason: undefined"]
[4-8-2023 12:44:06:73 PM] [AntiAFK!]["[INFO] Completed AntiAFK module: ChatBotModule, to success: true, with reason: undefined"]
[4-8-2023 12:44:08:59 PM] [AntiAFK!]["[INFO] Completed AntiAFK module: BlockBreakModule, to success: false, with reason: failed to pathfind to block."]
[4-8-2023 12:44:13:75 PM] [AntiAFK!]["[INFO] Completed AntiAFK module: ChatBotModule, to success: true, with reason: undefined"]
[4-8-2023 12:44:13:86 PM] [AntiAFK!]["[INFO] Completed AntiAFK module: LookAroundModule, to success: true, with reason: undefined"]
[4-8-2023 12:44:17:72 PM] [AntiAFK!]["[INFO] Completed AntiAFK module: WalkAroundModule, to success: true, with reason: undefined"]
[4-8-2023 12:44:21:86 PM] [AntiAFK!]["[INFO] Completed AntiAFK module: ChatBotModule, to success: true, with reason: undefined"]
[4-8-2023 12:44:26:64 PM] [AntiAFK!]["[INFO] Completed AntiAFK module: WalkAroundModule, to success: true, with reason: undefined"]
[4-8-2023 12:44:28:38 PM] [AntiAFK!]["[INFO] Completed AntiAFK module: BlockBreakModule, to success: false, with reason: failed to pathfind to block."]
[4-8-2023 12:44:33:13 PM] [AntiAFK!]["[INFO] Completed AntiAFK module: ChatBotModule, to success: true, with reason: undefined"]
[4-8-2023 12:44:33:79 PM] [AntiAFK!]["[INFO] Completed AntiAFK module: LookAroundModule, to success: true, with reason: undefined"]
[4-8-2023 12:44:38:71 PM] [AntiAFK!]["[INFO] Completed AntiAFK module: ChatBotModule, to success: true, with reason: undefined"]
[4-8-2023 12:44:40:35 PM] [AntiAFK!]["[INFO] Completed AntiAFK module: BlockBreakModule, to success: false, with reason: failed to pathfind to block."]
[4-8-2023 12:44:40:97 PM] [AntiAFK!]["[INFO] Completed AntiAFK module: LookAroundModule, to success: true, with reason: undefined"]
[4-8-2023 12:44:46:03 PM] [AntiAFK!]["[INFO] Completed AntiAFK module: WalkAroundModule, to success: true, with reason: undefined"]
[4-8-2023 12:44:50:70 PM] [AntiAFK!]["[INFO] Completed AntiAFK module: ChatBotModule, to success: true, with reason: undefined"]
[4-8-2023 12:44:52:78 PM] [AntiAFK!]["[INFO] Completed AntiAFK module: BlockBreakModule, to success: false, with reason: failed to pathfind to block."]
[4-8-2023 12:44:58:08 PM] [AntiAFK!]["[INFO] Completed AntiAFK module: ChatBotModule, to success: true, with reason: undefined"]
[4-8-2023 12:44:58:70 PM] [AntiAFK!]["[INFO] Completed AntiAFK module: BlockBreakModule, to success: false, with reason: failed to pathfind to block."]
[4-8-2023 12:45:03:99 PM] [AntiAFK!]["[INFO] Completed AntiAFK module: WalkAroundModule, to success: true, with reason: undefined"]
[4-8-2023 12:45:05:98 PM] [AntiAFK!]["[INFO] Completed AntiAFK module: BlockBreakModule, to success: false, with reason: failed to pathfind to block."]
[4-8-2023 12:45:06:04 PM] [AntiAFK!]["[INFO] Completed AntiAFK module: LookAroundModule, to success: true, with reason: undefined"]
[4-8-2023 12:45:10:92 PM] [AntiAFK!]["[INFO] Completed AntiAFK module: ChatBotModule, to success: true, with reason: undefined"]
[4-8-2023 12:45:13:25 PM] [AntiAFK!]["[INFO] Completed AntiAFK module: BlockBreakModule, to success: false, with reason: failed to pathfind to block."]
[4-8-2023 12:45:13:91 PM] [AntiAFK!]["[INFO] Completed AntiAFK module: LookAroundModule, to success: true, with reason: undefined"]
[4-8-2023 12:45:17:61 PM] [AntiAFK!]["[INFO] Completed AntiAFK module: WalkAroundModule, to success: true, with reason: undefined"]
[4-8-2023 12:45:23:04 PM] [AntiAFK!]["[INFO] Completed AntiAFK module: ChatBotModule, to success: true, with reason: undefined"]
[4-8-2023 12:45:23:32 PM] [AntiAFK!]["[INFO] Completed AntiAFK module: BlockBreakModule, to success: false, with reason: failed to pathfind to block."]
[4-8-2023 12:45:29:20 PM] [AntiAFK!]["[INFO] Completed AntiAFK module: ChatBotModule, to success: true, with reason: undefined"]
[4-8-2023 12:45:29:58 PM] [AntiAFK!]["[INFO] Completed AntiAFK module: LookAroundModule, to success: true, with reason: undefined"]
[4-8-2023 12:45:35:00 PM] [AntiAFK!]["[INFO] Completed AntiAFK module: WalkAroundModule, to success: true, with reason: undefined"]
[4-8-2023 12:45:36:79 PM] [AntiAFK!]["[INFO] Completed AntiAFK module: BlockBreakModule, to success: false, with reason: failed to pathfind to block."]
[4-8-2023 12:45:42:63 PM] [AntiAFK!]["[INFO] Completed AntiAFK module: WalkAroundModule, to success: true, with reason: undefined"]
[4-8-2023 12:45:46:86 PM] [AntiAFK!]["[INFO] Completed AntiAFK module: ChatBotModule, to success: true, with reason: undefined"]
[4-8-2023 12:45:49:04 PM] [AntiAFK!]["[INFO] Completed AntiAFK module: BlockBreakModule, to success: false, with reason: failed to pathfind to block."]
[4-8-2023 12:45:49:85 PM] [AntiAFK!]["[INFO] Completed AntiAFK module: LookAroundModule, to success: true, with reason: undefined"]
[4-8-2023 12:45:52:20 PM] [AntiAFK!]["[INFO] Completed AntiAFK module: BlockBreakModule, to success: false, with reason: failed to pathfind to block."]
[4-8-2023 12:45:57:70 PM] [AntiAFK!]["[INFO] Completed AntiAFK module: ChatBotModule, to success: true, with reason: undefined"]
[4-8-2023 12:45:58:27 PM] [AntiAFK!]["[INFO] Completed AntiAFK module: LookAroundModule, to success: true, with reason: undefined"]
[4-8-2023 12:46:02:55 PM] [AntiAFK!]["[INFO] Completed AntiAFK module: ChatBotModule, to success: true, with reason: undefined"]
[4-8-2023 12:46:02:98 PM] [AntiAFK!]["[INFO] Completed AntiAFK module: LookAroundModule, to success: true, with reason: undefined"]
[4-8-2023 12:46:07:04 PM] [AntiAFK!]["[INFO] Completed AntiAFK module: WalkAroundModule, to success: true, with reason: undefined"]
[4-8-2023 12:46:07:73 PM] [AntiAFK!]["[INFO] Completed AntiAFK module: LookAroundModule, to success: true, with reason: undefined"]
[4-8-2023 12:46:11:90 PM] [AntiAFK!]["[INFO] Completed AntiAFK module: WalkAroundModule, to success: true, with reason: undefined"]
[4-8-2023 12:46:16:12 PM] [AntiAFK!]["[INFO] Completed AntiAFK module: ChatBotModule, to success: true, with reason: undefined"]
[4-8-2023 12:46:16:40 PM] [AntiAFK!]["[INFO] Completed AntiAFK module: LookAroundModule, to success: true, with reason: undefined"]
[4-8-2023 12:46:21:19 PM] [AntiAFK!]["[INFO] Completed AntiAFK module: ChatBotModule, to success: true, with reason: undefined"]
[4-8-2023 12:46:25:53 PM] [AntiAFK!]["[INFO] Completed AntiAFK module: WalkAroundModule, to success: true, with reason: undefined"]
[4-8-2023 12:46:27:27 PM] [AntiAFK!]["[INFO] Completed AntiAFK module: BlockBreakModule, to success: false, with reason: failed to pathfind to block."]
[4-8-2023 12:46:31:85 PM] [AntiAFK!]["[INFO] Completed AntiAFK module: WalkAroundModule, to success: true, with reason: undefined"]
[4-8-2023 12:46:36:60 PM] [AntiAFK!]["[INFO] Completed AntiAFK module: ChatBotModule, to success: true, with reason: undefined"]
[4-8-2023 12:46:38:86 PM] [AntiAFK!]["[INFO] Completed AntiAFK module: BlockBreakModule, to success: false, with reason: failed to pathfind to block."]
[4-8-2023 12:46:42:55 PM] [AntiAFK!]["[INFO] Completed AntiAFK module: WalkAroundModule, to success: true, with reason: undefined"]
[4-8-2023 12:46:42:85 PM] [AntiAFK!]["[INFO] Completed AntiAFK module: LookAroundModule, to success: true, with reason: undefined"]
[4-8-2023 12:46:48:78 PM] [AntiAFK!]["[INFO] Completed AntiAFK module: ChatBotModule, to success: true, with reason: undefined"]
[4-8-2023 12:46:48:91 PM] [AntiAFK!]["[INFO] Completed AntiAFK module: LookAroundModule, to success: true, with reason: undefined"]
[4-8-2023 12:46:52:12 PM] [AntiAFK!]["[INFO] Completed AntiAFK module: WalkAroundModule, to success: true, with reason: undefined"]
[4-8-2023 12:46:57:52 PM] [AntiAFK!]["[INFO] Completed AntiAFK module: ChatBotModule, to success: true, with reason: undefined"]
[4-8-2023 12:46:59:88 PM] [AntiAFK!]["[INFO] Completed AntiAFK module: BlockBreakModule, to success: false, with reason: failed to pathfind to block."]
[4-8-2023 12:47:00:84 PM] [AntiAFK!]["[INFO] Completed AntiAFK module: LookAroundModule, to success: true, with reason: undefined"]
[4-8-2023 12:47:05:45 PM] [AntiAFK!]["[INFO] Completed AntiAFK module: WalkAroundModule, to success: true, with reason: undefined"]
[4-8-2023 12:47:05:95 PM] [AntiAFK!]["[INFO] Completed AntiAFK module: LookAroundModule, to success: true, with reason: undefined"]
[4-8-2023 12:47:07:74 PM] [AntiAFK!]["[INFO] Completed AntiAFK module: BlockBreakModule, to success: false, with reason: failed to pathfind to block."]
[4-8-2023 12:47:08:15 PM] [AntiAFK!]["[INFO] Completed AntiAFK module: LookAroundModule, to success: true, with reason: undefined"]
[4-8-2023 12:47:10:09 PM] [AntiAFK!]["[INFO] Completed AntiAFK module: BlockBreakModule, to success: false, with reason: failed to pathfind to block."]
[4-8-2023 12:47:10:96 PM] [AntiAFK!]["[INFO] Completed AntiAFK module: LookAroundModule, to success: true, with reason: undefined"]
[4-8-2023 12:47:16:72 PM] [AntiAFK!]["[INFO] Completed AntiAFK module: ChatBotModule, to success: true, with reason: undefined"]
[4-8-2023 12:47:18:36 PM] [AntiAFK!]["[INFO] Completed AntiAFK module: BlockBreakModule, to success: false, with reason: failed to pathfind to block."]
[4-8-2023 12:47:23:69 PM] [AntiAFK!]["[INFO] Completed AntiAFK module: ChatBotModule, to success: true, with reason: undefined"]
[4-8-2023 12:47:25:47 PM] [AntiAFK!]["[INFO] Completed AntiAFK module: BlockBreakModule, to success: false, with reason: failed to pathfind to block."]
[4-8-2023 12:47:29:66 PM] [AntiAFK!]["[INFO] Completed AntiAFK module: WalkAroundModule, to success: true, with reason: undefined"]
[4-8-2023 12:47:31:96 PM] [AntiAFK!]["[INFO] Completed AntiAFK module: BlockBreakModule, to success: false, with reason: failed to pathfind to block."]
[4-8-2023 12:47:37:62 PM] [AntiAFK!]["[INFO] Completed AntiAFK module: ChatBotModule, to success: true, with reason: undefined"]
[4-8-2023 12:47:39:58 PM] [AntiAFK!]["[INFO] Completed AntiAFK module: BlockBreakModule, to success: false, with reason: failed to pathfind to block."]
[4-8-2023 12:47:43:17 PM] [AntiAFK!]["[INFO] Completed AntiAFK module: WalkAroundModule, to success: true, with reason: undefined"]
[4-8-2023 12:47:43:92 PM] [AntiAFK!]["[INFO] Completed AntiAFK module: LookAroundModule, to success: true, with reason: undefined"]
[4-8-2023 12:47:48:07 PM] [AntiAFK!]["[INFO] Completed AntiAFK module: ChatBotModule, to success: true, with reason: undefined"]
[4-8-2023 12:47:49:83 PM] [AntiAFK!]["[INFO] Completed AntiAFK module: BlockBreakModule, to success: false, with reason: failed to pathfind to block."]
[4-8-2023 12:47:50:19 PM] [AntiAFK!]["[INFO] Completed AntiAFK module: LookAroundModule, to success: true, with reason: undefined"]
[4-8-2023 12:47:55:51 PM] [AntiAFK!]["[INFO] Completed AntiAFK module: ChatBotModule, to success: true, with reason: undefined"]
[4-8-2023 12:47:55:85 PM] [AntiAFK!]["[INFO] Completed AntiAFK module: LookAroundModule, to success: true, with reason: undefined"]
[4-8-2023 12:48:00:30 PM] [AntiAFK!]["[INFO] Completed AntiAFK module: ChatBotModule, to success: true, with reason: undefined"]
[4-8-2023 12:48:01:21 PM] [AntiAFK!]["[INFO] Completed AntiAFK module: LookAroundModule, to success: true, with reason: undefined"]
[4-8-2023 12:48:06:31 PM] [AntiAFK!]["[INFO] Completed AntiAFK module: ChatBotModule, to success: true, with reason: undefined"]
[4-8-2023 12:48:08:07 PM] [AntiAFK!]["[INFO] Completed AntiAFK module: BlockBreakModule, to success: false, with reason: failed to pathfind to block."]
[4-8-2023 12:48:11:55 PM] [AntiAFK!]["[INFO] Completed AntiAFK module: WalkAroundModule, to success: true, with reason: undefined"]
[4-8-2023 12:48:12:10 PM] [AntiAFK!]["[INFO] Completed AntiAFK module: LookAroundModule, to success: true, with reason: undefined"]
[4-8-2023 12:48:16:46 PM] [AntiAFK!]["[INFO] Completed AntiAFK module: WalkAroundModule, to success: true, with reason: undefined"]
[4-8-2023 12:48:17:16 PM] [AntiAFK!]["[INFO] Completed AntiAFK module: LookAroundModule, to success: true, with reason: undefined"]
[4-8-2023 12:48:18:88 PM] [AntiAFK!]["[INFO] Completed AntiAFK module: BlockBreakModule, to success: false, with reason: failed to pathfind to block."]
[4-8-2023 12:48:24:19 PM] [AntiAFK!]["[INFO] Completed AntiAFK module: ChatBotModule, to success: true, with reason: undefined"]
[4-8-2023 12:48:25:05 PM] [AntiAFK!]["[INFO] Completed AntiAFK module: LookAroundModule, to success: true, with reason: undefined"]
[4-8-2023 12:48:29:76 PM] [AntiAFK!]["[INFO] Completed AntiAFK module: WalkAroundModule, to success: true, with reason: undefined"]
[4-8-2023 12:48:31:86 PM] [AntiAFK!]["[INFO] Completed AntiAFK module: BlockBreakModule, to success: false, with reason: failed to pathfind to block."]
[4-8-2023 12:48:32:37 PM] [AntiAFK!]["[INFO] Completed AntiAFK module: LookAroundModule, to success: true, with reason: undefined"]
[4-8-2023 12:48:32:61 PM] [AntiAFK!]["[INFO] Completed AntiAFK module: BlockBreakModule, to success: false, with reason: failed to pathfind to block."]
[4-8-2023 12:48:37:98 PM] [AntiAFK!]["[INFO] Completed AntiAFK module: ChatBotModule, to success: true, with reason: undefined"]
[4-8-2023 12:48:38:57 PM] [AntiAFK!]["[INFO] Completed AntiAFK module: LookAroundModule, to success: true, with reason: undefined"]
[4-8-2023 12:48:43:54 PM] [AntiAFK!]["[INFO] Completed AntiAFK module: WalkAroundModule, to success: true, with reason: undefined"]
[4-8-2023 12:48:45:43 PM] [AntiAFK!]["[INFO] Completed AntiAFK module: BlockBreakModule, to success: false, with reason: failed to pathfind to block."]
[4-8-2023 12:48:49:62 PM] [AntiAFK!]["[INFO] Completed AntiAFK module: WalkAroundModule, to success: true, with reason: undefined"]
[4-8-2023 12:48:55:31 PM] [AntiAFK!]["[INFO] Completed AntiAFK module: ChatBotModule, to success: true, with reason: undefined"]
[4-8-2023 12:48:57:12 PM] [AntiAFK!]["[INFO] Completed AntiAFK module: BlockBreakModule, to success: false, with reason: failed to pathfind to block."]
[4-8-2023 12:49:01:66 PM] [AntiAFK!]["[INFO] Completed AntiAFK module: WalkAroundModule, to success: true, with reason: undefined"]
[4-8-2023 12:49:03:76 PM] [AntiAFK!]["[INFO] Completed AntiAFK module: BlockBreakModule, to success: false, with reason: failed to pathfind to block."]
[4-8-2023 12:49:04:17 PM] [AntiAFK!]["[INFO] Completed AntiAFK module: LookAroundModule, to success: true, with reason: undefined"]
[4-8-2023 12:49:09:61 PM] [AntiAFK!]["[INFO] Completed AntiAFK module: ChatBotModule, to success: true, with reason: undefined"]
[4-8-2023 12:49:19:47 PM] [AntiAFK!]["[INFO] Completed AntiAFK module: WalkAroundModule, to success: true, with reason: undefined"]
[4-8-2023 12:49:24:70 PM] [AntiAFK!]["[INFO] Completed AntiAFK module: ChatBotModule, to success: true, with reason: undefined"]
[4-8-2023 12:49:24:88 PM] [AntiAFK!]["[INFO] Completed AntiAFK module: LookAroundModule, to success: true, with reason: undefined"]
[4-8-2023 12:49:29:91 PM] [AntiAFK!]["[INFO] Completed AntiAFK module: ChatBotModule, to success: true, with reason: undefined"]
[4-8-2023 12:49:32:39 PM] [AntiAFK!]["[INFO] Completed AntiAFK module: BlockBreakModule, to success: false, with reason: failed to pathfind to block."]
[4-8-2023 12:49:33:40 PM] [AntiAFK!]["[INFO] Completed AntiAFK module: LookAroundModule, to success: true, with reason: undefined"]
[4-8-2023 12:49:39:17 PM] [AntiAFK!]["[INFO] Completed AntiAFK module: WalkAroundModule, to success: true, with reason: undefined"]
[4-8-2023 12:49:44:75 PM] [AntiAFK!]["[INFO] Completed AntiAFK module: ChatBotModule, to success: true, with reason: undefined"]
[4-8-2023 12:49:51:00 PM] [AntiAFK!]["[INFO] Completed AntiAFK module: WalkAroundModule, to success: true, with reason: undefined"]
[4-8-2023 12:49:53:03 PM] [AntiAFK!]["[INFO] Completed AntiAFK module: BlockBreakModule, to success: false, with reason: failed to pathfind to block."]
[4-8-2023 12:49:58:95 PM] [AntiAFK!]["[INFO] Completed AntiAFK module: ChatBotModule, to success: true, with reason: undefined"]
[4-8-2023 12:49:59:85 PM] [AntiAFK!]["[INFO] Completed AntiAFK module: LookAroundModule, to success: true, with reason: undefined"]
[4-8-2023 12:50:05:13 PM] [AntiAFK!]["[INFO] Completed AntiAFK module: ChatBotModule, to success: true, with reason: undefined"]
[4-8-2023 12:50:06:93 PM] [AntiAFK!]["[INFO] Completed AntiAFK module: BlockBreakModule, to success: false, with reason: failed to pathfind to block."]
[4-8-2023 12:50:11:97 PM] [AntiAFK!]["[INFO] Completed AntiAFK module: ChatBotModule, to success: true, with reason: undefined"]
[4-8-2023 12:50:14:34 PM] [AntiAFK!]["[INFO] Completed AntiAFK module: BlockBreakModule, to success: false, with reason: failed to pathfind to block."]
[4-8-2023 12:50:18:57 PM] [AntiAFK!]["[INFO] Completed AntiAFK module: ChatBotModule, to success: true, with reason: undefined"]
[4-8-2023 12:50:20:35 PM] [AntiAFK!]["[INFO] Completed AntiAFK module: BlockBreakModule, to success: false, with reason: failed to pathfind to block."]
[4-8-2023 12:50:21:11 PM] [AntiAFK!]["[INFO] Completed AntiAFK module: LookAroundModule, to success: true, with reason: undefined"]
[4-8-2023 12:50:22:91 PM] [AntiAFK!]["[INFO] Completed AntiAFK module: BlockBreakModule, to success: false, with reason: failed to pathfind to block."]
[4-8-2023 12:50:30:32 PM] [AntiAFK!]["[INFO] Completed AntiAFK module: WalkAroundModule, to success: true, with reason: undefined"]
[4-8-2023 12:50:30:42 PM] [AntiAFK!]["[INFO] Completed AntiAFK module: LookAroundModule, to success: true, with reason: undefined"]
[4-8-2023 12:50:35:57 PM] [AntiAFK!]["[INFO] Completed AntiAFK module: ChatBotModule, to success: true, with reason: undefined"]
[4-8-2023 12:50:40:53 PM] [AntiAFK!]["[INFO] Completed AntiAFK module: WalkAroundModule, to success: true, with reason: undefined"]
[4-8-2023 12:50:41:18 PM] [AntiAFK!]["[INFO] Completed AntiAFK module: LookAroundModule, to success: true, with reason: undefined"]
[4-8-2023 12:50:45:78 PM] [AntiAFK!]["[INFO] Completed AntiAFK module: WalkAroundModule, to success: true, with reason: undefined"]
[4-8-2023 12:50:46:48 PM] [AntiAFK!]["[INFO] Completed AntiAFK module: LookAroundModule, to success: true, with reason: undefined"]
[4-8-2023 12:51:01:16 PM] [AntiAFK!]["[INFO] Completed AntiAFK module: ChatBotModule, to success: true, with reason: undefined"]
[4-8-2023 12:51:01:93 PM] [AntiAFK!]["[INFO] Completed AntiAFK module: LookAroundModule, to success: true, with reason: undefined"]
[4-8-2023 12:51:06:56 PM] [AntiAFK!]["[INFO] Completed AntiAFK module: ChatBotModule, to success: true, with reason: undefined"]
[4-8-2023 12:51:07:30 PM] [AntiAFK!]["[INFO] Completed AntiAFK module: LookAroundModule, to success: true, with reason: undefined"]
[4-8-2023 12:51:11:37 PM] [AntiAFK!]["[INFO] Completed AntiAFK module: WalkAroundModule, to success: true, with reason: undefined"]
[4-8-2023 12:51:17:02 PM] [AntiAFK!]["[INFO] Completed AntiAFK module: ChatBotModule, to success: true, with reason: undefined"]
[4-8-2023 12:51:17:68 PM] [AntiAFK!]["[INFO] Completed AntiAFK module: LookAroundModule, to success: true, with reason: undefined"]
[4-8-2023 12:51:19:33 PM] [AntiAFK!]["[INFO] Completed AntiAFK module: BlockBreakModule, to success: false, with reason: failed to pathfind to block. PathStopped: Path was stopped before it could be completed! Thus, the desired goal was not reached."]
[4-8-2023 12:51:24:32 PM] [AntiAFK!]["[INFO] Completed AntiAFK module: ChatBotModule, to success: true, with reason: undefined"]
[4-8-2023 12:51:29:51 PM] [AntiAFK!]["[INFO] Completed AntiAFK module: WalkAroundModule, to success: true, with reason: undefined"]
[4-8-2023 12:51:29:81 PM] [AntiAFK!]["[INFO] Completed AntiAFK module: LookAroundModule, to success: true, with reason: undefined"]
[4-8-2023 12:51:32:14 PM] [AntiAFK!]["[INFO] Completed AntiAFK module: BlockBreakModule, to success: false, with reason: failed to pathfind to block. PathStopped: Path was stopped before it could be completed! Thus, the desired goal was not reached."]
[4-8-2023 12:51:37:92 PM] [AntiAFK!]["[INFO] Completed AntiAFK module: WalkAroundModule, to success: true, with reason: undefined"]
[4-8-2023 12:51:42:23 PM] [AntiAFK!]["[INFO] Completed AntiAFK module: ChatBotModule, to success: true, with reason: undefined"]
[4-8-2023 12:51:44:02 PM] [AntiAFK!]["[INFO] Completed AntiAFK module: BlockBreakModule, to success: false, with reason: failed to pathfind to block. PathStopped: Path was stopped before it could be completed! Thus, the desired goal was not reached."]
[4-8-2023 12:51:44:28 PM] [AntiAFK!]["[INFO] Completed AntiAFK module: LookAroundModule, to success: true, with reason: undefined"]
[4-8-2023 12:51:48:98 PM] [AntiAFK!]["[INFO] Completed AntiAFK module: ChatBotModule, to success: true, with reason: undefined"]
[4-8-2023 12:51:53:15 PM] [AntiAFK!]["[INFO] Completed AntiAFK module: WalkAroundModule, to success: true, with reason: undefined"]
[4-8-2023 12:51:53:30 PM] [AntiAFK!]["[INFO] Completed AntiAFK module: LookAroundModule, to success: true, with reason: undefined"]
[4-8-2023 12:51:59:11 PM] [AntiAFK!]["[INFO] Completed AntiAFK module: ChatBotModule, to success: true, with reason: undefined"]
[4-8-2023 12:51:59:21 PM] [AntiAFK!]["[INFO] Completed AntiAFK module: LookAroundModule, to success: true, with reason: undefined"]
[4-8-2023 12:52:01:55 PM] [AntiAFK!]["[INFO] Completed AntiAFK module: BlockBreakModule, to success: false, with reason: failed to pathfind to block. PathStopped: Path was stopped before it could be completed! Thus, the desired goal was not reached."]
[4-8-2023 12:52:02:35 PM] [AntiAFK!]["[INFO] Completed AntiAFK module: LookAroundModule, to success: true, with reason: undefined"]
[4-8-2023 12:52:07:00 PM] [AntiAFK!]["[INFO] Completed AntiAFK module: ChatBotModule, to success: true, with reason: undefined"]
[4-8-2023 12:52:10:39 PM] [AntiAFK!]["[INFO] Completed AntiAFK module: WalkAroundModule, to success: true, with reason: undefined"]
[4-8-2023 12:52:16:19 PM] [AntiAFK!]["[INFO] Completed AntiAFK module: ChatBotModule, to success: true, with reason: undefined"]
[4-8-2023 12:52:20:32 PM] [AntiAFK!]["[INFO] Completed AntiAFK module: WalkAroundModule, to success: true, with reason: undefined"]
[4-8-2023 12:52:21:07 PM] [AntiAFK!]["[INFO] Completed AntiAFK module: LookAroundModule, to success: true, with reason: undefined"]
[4-8-2023 12:52:23:32 PM] [AntiAFK!]["[INFO] Completed AntiAFK module: BlockBreakModule, to success: false, with reason: failed to pathfind to block. PathStopped: Path was stopped before it could be completed! Thus, the desired goal was not reached."]
[4-8-2023 12:52:28:38 PM] [AntiAFK!]["[INFO] Completed AntiAFK module: ChatBotModule, to success: true, with reason: undefined"]
[4-8-2023 12:52:29:99 PM] [AntiAFK!]["[INFO] Completed AntiAFK module: BlockBreakModule, to success: false, with reason: failed to pathfind to block. PathStopped: Path was stopped before it could be completed! Thus, the desired goal was not reached."]
[4-8-2023 12:52:34:40 PM] [AntiAFK!]["[INFO] Completed AntiAFK module: WalkAroundModule, to success: true, with reason: undefined"]
[4-8-2023 12:52:34:70 PM] [AntiAFK!]["[INFO] Completed AntiAFK module: LookAroundModule, to success: true, with reason: undefined"]
