[4-8-2023 12:23:08:35 PM] [emit:starting]["Conn"]
[4-8-2023 12:23:08:35 PM] [emit:proxySetup]["Conn","Object"]
[4-8-2023 12:23:08:35 PM] [emit:optionValidation]["EventEmitter","Object"]
[4-8-2023 12:23:08:36 PM] [emit:initialBotSetup]["EventEmitter","Object"]
[4-8-2023 12:23:08:36 PM] [emit:started][]
[4-8-2023 12:23:09:22 PM] [emit:botAutonomous]["EventEmitter","Object"]
[4-8-2023 12:23:10:88 PM] [emit:playerConnected]["Client",true]
[4-8-2023 12:23:11:10 PM] [emit:botControlled]["EventEmitter","Object"]
[4-8-2023 12:23:15:54 PM] [emit:botAutonomous]["EventEmitter","Object"]
[4-8-2023 12:25:11:14 PM] [emit:starting]["Conn"]
[4-8-2023 12:25:11:14 PM] [emit:proxySetup]["Conn","Object"]
[4-8-2023 12:25:11:14 PM] [emit:optionValidation]["EventEmitter","Object"]
[4-8-2023 12:25:11:14 PM] [emit:initialBotSetup]["EventEmitter","Object"]
[4-8-2023 12:25:11:14 PM] [emit:started][]
[4-8-2023 12:25:11:87 PM] [emit:botAutonomous]["EventEmitter","Object"]
[4-8-2023 12:25:13:30 PM] [emit:playerConnected]["Client",true]
[4-8-2023 12:25:13:54 PM] [emit:botControlled]["EventEmitter","Object"]
[4-8-2023 12:25:15:43 PM] [emit:botAutonomous]["EventEmitter","Object"]
[4-8-2023 12:26:28:69 PM] [emit:botControlled]["EventEmitter","Object"]
[4-8-2023 12:26:36:40 PM] [emit:botAutonomous]["EventEmitter","Object"]
[4-8-2023 12:40:59:54 PM] [emit:starting]["Conn"]
[4-8-2023 12:40:59:54 PM] [emit:proxySetup]["Conn","Object"]
[4-8-2023 12:40:59:55 PM] [emit:initialBotSetup]["EventEmitter","Object"]
[4-8-2023 12:40:59:55 PM] [emit:started][]
[4-8-2023 12:40:59:54 PM] [emit:optionValidation]["EventEmitter","Object"]
[4-8-2023 12:41:00:31 PM] [emit:botAutonomous]["EventEmitter","Object"]
[4-8-2023 12:41:00:50 PM] [emit:playerConnected]["Client",true]
[4-8-2023 12:41:00:72 PM] [emit:botControlled]["EventEmitter","Object"]
[4-8-2023 12:41:03:39 PM] [emit:botAutonomous]["EventEmitter","Object"]
[4-8-2023 12:50:54:61 PM] [emit:starting]["Conn"]
[4-8-2023 12:50:54:61 PM] [emit:optionValidation]["EventEmitter","Object"]
[4-8-2023 12:50:54:62 PM] [emit:started][]
[4-8-2023 12:50:54:61 PM] [emit:proxySetup]["Conn","Object"]
[4-8-2023 12:50:54:62 PM] [emit:initialBotSetup]["EventEmitter","Object"]
[4-8-2023 12:50:55:48 PM] [emit:playerConnected]["Client",true]
[4-8-2023 12:50:55:60 PM] [emit:botControlled]["EventEmitter","Object"]
[4-8-2023 12:50:55:72 PM] [emit:botAutonomous]["EventEmitter","Object"]
[4-8-2023 12:50:58:24 PM] [emit:botAutonomous]["EventEmitter","Object"]
