[4-7-2023 12:38:38 AM] [position] {"x":0.5,"y":64,"z":0.5,"yaw":0,"pitch":0,"onGround":false,"time":3786.853679999709}
[4-7-2023 12:38:39 AM] [position] {"x":0.5,"y":64,"z":0.5,"yaw":0,"pitch":0,"onGround":false,"time":4836.400928001851}
[4-7-2023 12:38:40 AM] [position] {"x":0.5,"y":64,"z":0.5,"yaw":0,"pitch":0,"onGround":false,"time":5839.58284400031}
[4-7-2023 12:38:41 AM] [position] {"x":0.5,"y":64,"z":0.5,"yaw":0,"pitch":0,"onGround":false,"time":6841.980571001768}
[4-7-2023 12:38:42 AM] [position] {"x":0.5,"y":64,"z":0.5,"yaw":0,"pitch":0,"onGround":false,"time":7845.643377002329}
[4-7-2023 12:38:43 AM] [position] {"x":0.5,"y":64,"z":0.5,"yaw":0,"pitch":0,"onGround":false,"time":8848.980991002172}
[4-7-2023 12:38:44 AM] [position] {"x":0.5,"y":64,"z":0.5,"yaw":0,"pitch":0,"onGround":false,"time":9850.705900002271}
[4-7-2023 12:38:45 AM] [position] {"x":0.5,"y":64,"z":0.5,"yaw":0,"pitch":0,"onGround":false,"time":10853.440115001053}
[4-7-2023 12:38:46 AM] [position] {"x":0.5,"y":64,"z":0.5,"yaw":0,"pitch":0,"onGround":false,"time":11903.500323001295}
[4-7-2023 12:38:47 AM] [position] {"x":0.5,"y":64,"z":0.5,"yaw":0,"pitch":0,"onGround":false,"time":12904.838945001364}
[4-7-2023 12:38:48 AM] [position] {"x":0.5,"y":64,"z":0.5,"yaw":0,"pitch":0,"onGround":false,"time":13909.733352001756}
[4-7-2023 12:38:49 AM] [position] {"x":0.5,"y":64,"z":0.5,"yaw":0,"pitch":0,"onGround":false,"time":14911.297746002674}
[4-7-2023 12:38:50 AM] [position] {"x":0.5,"y":64,"z":0.5,"yaw":0,"pitch":0,"onGround":false,"time":15914.457729000598}
[4-7-2023 12:38:51 AM] [position] {"x":0.5,"y":64,"z":0.5,"yaw":0,"pitch":0,"onGround":false,"time":16926.308744002134}
[4-7-2023 12:38:52 AM] [keep_alive] {"keepAliveId":[6,1654648170]}
[4-7-2023 12:38:52 AM] [position] {"x":0.5,"y":64,"z":0.5,"yaw":0,"pitch":0,"onGround":false,"time":17929.15944200009}
[4-7-2023 12:38:53 AM] [position] {"x":0.5,"y":64,"z":0.5,"yaw":0,"pitch":0,"onGround":false,"time":18932.461710002273}
[4-7-2023 12:38:54 AM] [position] {"x":0.5,"y":64,"z":0.5,"yaw":0,"pitch":0,"onGround":false,"time":19935.569761000574}
[4-7-2023 12:38:55 AM] [position] {"x":0.5,"y":64,"z":0.5,"yaw":0,"pitch":0,"onGround":false,"time":20938.96595500037}
[4-7-2023 12:38:59 AM] [set_protocol] {"protocolVersion":340,"serverHost":"2b2t.org","serverPort":25565,"nextState":2}
[4-7-2023 12:38:59 AM] [login_start] {"username":"Generel_Schwerz","signature":{"timestamp":"1680900005169","publicKey":{"type":"Buffer","data":[48,130,1,34,48,13,6,9,42,134,72,134,247,13,1,1,1,5,0,3,130,1,15,0,48,130,1,10,2,130,1,1,0,207,226,165,31,223,237,109,110,72,5,32,191,154,27,155,142,187,66,69,122,150,160,48,9,93,218,127,124,229,146,160,141,96,44,66,226,34,120,11,162,187,247,94,239,212,164,78,190,201,127,80,63,3,218,156,137,41,93,61,77,225,144,48,131,70,116,128,77,196,188,79,31,115,127,87,177,94,242,29,208,222,208,13,164,63,54,242,164,123,80,188,145,26,100,239,171,108,237,99,83,30,249,240,142,201,143,187,213,57,73,249,133,15,240,162,175,18,22,83,199,129,178,51,215,201,179,23,118,139,184,143,153,247,177,70,227,180,220,40,230,153,15,82,247,104,147,79,252,184,56,50,255,193,31,49,98,18,240,248,229,52,252,169,125,153,112,180,68,73,181,177,233,7,212,86,172,225,255,118,166,95,155,92,66,249,107,163,249,28,206,126,20,168,252,97,33,19,225,60,203,199,199,175,146,68,181,96,244,186,91,214,122,90,127,211,34,47,183,16,17,117,124,121,114,253,52,48,248,141,174,208,149,206,230,226,55,145,36,155,173,224,25,141,253,68,82,77,104,216,204,42,200,84,189,180,177,2,3,1,0,1]},"signature":{"type":"Buffer","data":[17,61,5,245,168,131,164,212,109,57,201,191,13,77,20,197,203,192,117,142,153,43,19,62,23,112,126,141,56,82,39,15,36,132,155,67,7,49,203,249,104,40,243,229,15,64,229,155,121,51,110,165,71,235,15,213,240,140,181,253,72,3,139,247,97,8,168,253,59,251,22,170,132,221,19,25,113,92,116,162,111,141,108,178,152,233,114,92,170,245,248,207,21,165,174,239,112,239,162,251,14,38,38,100,161,86,99,61,47,105,84,129,117,231,222,33,92,159,37,75,47,92,110,98,84,184,1,190,160,81,242,60,123,76,96,176,165,48,8,18,119,86,237,26,107,70,173,40,110,225,83,173,237,152,127,241,116,239,246,248,59,117,252,41,166,114,81,15,208,141,144,246,102,184,105,150,237,193,183,178,248,60,229,144,85,223,202,180,50,125,4,125,183,70,54,8,32,233,150,201,136,107,141,224,249,159,138,176,102,23,78,20,240,164,116,82,19,2,172,47,195,1,78,20,194,49,200,139,32,240,58,113,251,4,126,172,247,244,136,66,196,0,191,106,0,150,4,122,22,0,175,14,37,173,137,93,215,49,184,113,133,36,58,43,238,143,231,162,196,105,165,47,75,187,59,230,4,36,164,58,205,100,165,69,23,191,41,217,180,159,15,45,245,185,157,216,217,178,54,2,253,79,178,139,152,105,138,53,168,131,242,193,80,236,167,176,85,254,102,22,24,104,231,232,157,231,126,173,99,184,64,79,70,17,2,167,38,27,115,56,32,93,185,0,118,30,88,252,34,102,58,46,54,69,166,95,2,103,216,178,138,79,86,245,207,85,251,223,30,46,201,112,99,167,231,225,255,233,68,36,131,149,211,97,37,20,210,123,188,41,87,209,92,147,177,104,36,143,246,120,26,114,64,232,253,24,214,151,253,220,46,136,63,108,37,230,221,59,93,158,118,86,97,3,138,202,207,166,140,179,4,204,153,110,4,26,248,125,193,35,68,91,57,91,4,204,163,89,15,161,166,248,252,228,220,133,167,226,96,45,213,96,217,133,203,38,242,111,242,136,63,134,224,175,150,110,64,77,27,109,8,125,113,17,61,123,194,47,100,217,65,23,44,103,182,88,205,94,252,65,160,212,137,10,54,120,190,11,233,127,9,3]}},"playerUUID":"9e88ba5b39b446e2b06dc67b6fe87233"}
[4-7-2023 12:38:59 AM] [encryption_begin] {"sharedSecret":{"type":"Buffer","data":[45,234,4,179,159,168,199,248,202,65,141,224,238,188,41,187,222,53,157,114,171,79,136,169,212,169,90,35,46,226,135,66,220,240,183,178,49,129,59,127,109,57,243,116,227,67,102,189,247,5,57,99,34,185,169,92,110,251,221,175,152,145,223,23,148,88,218,127,194,244,59,124,153,28,52,73,108,52,202,79,232,75,7,25,10,92,108,0,184,138,128,24,200,41,189,225,2,35,20,25,161,134,111,96,190,20,161,230,211,102,116,154,125,228,87,121,25,190,196,211,126,237,176,163,209,85,176,40]},"verifyToken":{"type":"Buffer","data":[64,174,71,146,129,3,220,29,248,59,48,65,201,120,188,111,149,48,18,180,37,147,199,110,74,26,55,191,37,99,133,244,51,44,148,164,69,149,167,62,11,53,148,196,52,58,233,141,1,97,189,41,55,128,32,181,5,126,84,1,29,111,196,161,117,235,248,162,48,201,90,10,209,22,128,60,101,147,74,91,70,41,150,90,164,237,253,186,21,129,3,108,153,186,111,22,102,52,187,2,181,46,158,161,20,77,70,151,49,9,76,23,186,214,192,242,219,213,206,210,120,25,12,165,192,242,167,162]}}
[4-7-2023 12:39:00 AM] [custom_payload] {"channel":"MC|Brand","data":{"type":"Buffer","data":[7,118,97,110,105,108,108,97]}}
[4-7-2023 12:39:00 AM] [settings] {"locale":"en_US","viewDistance":12,"chatFlags":0,"chatColors":true,"skinParts":127,"mainHand":1,"enableTextFiltering":false,"enableServerListing":true}
[4-7-2023 12:39:00 AM] [held_item_slot] {"slotId":0}
[4-7-2023 12:39:00 AM] [teleport_confirm] {"teleportId":1}
[4-7-2023 12:39:00 AM] [position_look] {"x":0.5,"y":64,"z":0.5,"yaw":0,"pitch":0,"onGround":false,"time":0}
[4-7-2023 12:39:00 AM] [position_look] {"x":0.5,"y":64,"z":0.5,"yaw":0,"pitch":0,"onGround":false,"time":0}
[4-7-2023 12:39:00 AM] [position] {"x":0.5,"y":64,"z":0.5,"yaw":0,"pitch":0,"onGround":false,"time":0}
[4-7-2023 12:39:01 AM] [position] {"x":0.5,"y":64,"z":0.5,"yaw":0,"pitch":0,"onGround":false,"time":3873.9709119983017}
[4-7-2023 12:39:02 AM] [position] {"x":0.5,"y":64,"z":0.5,"yaw":0,"pitch":0,"onGround":false,"time":4876.81780000031}
[4-7-2023 12:39:03 AM] [position] {"x":0.5,"y":64,"z":0.5,"yaw":0,"pitch":0,"onGround":false,"time":5879.145605999976}
[4-7-2023 12:39:04 AM] [position] {"x":0.5,"y":64,"z":0.5,"yaw":0,"pitch":0,"onGround":false,"time":6882.750760998577}
[4-7-2023 12:39:05 AM] [position] {"x":0.5,"y":64,"z":0.5,"yaw":0,"pitch":0,"onGround":false,"time":7885.127513997257}
[4-7-2023 12:39:06 AM] [position] {"x":0.5,"y":64,"z":0.5,"yaw":0,"pitch":0,"onGround":false,"time":8889.53109999746}
[4-7-2023 12:39:07 AM] [position] {"x":0.5,"y":64,"z":0.5,"yaw":0,"pitch":0,"onGround":false,"time":9892.029748998582}
[4-7-2023 12:39:08 AM] [position] {"x":0.5,"y":64,"z":0.5,"yaw":0,"pitch":0,"onGround":false,"time":10893.622650999576}
[4-7-2023 12:39:09 AM] [position] {"x":0.5,"y":64,"z":0.5,"yaw":0,"pitch":0,"onGround":false,"time":11895.593417998403}
